
 ++++++++++++++++++++++++++++++++++++++++++++++++++++++++++++++++++++
 +  SHELXE  -  PHASING AND DENSITY MODIFICATION  -  Version 2016/1  +
 +  Copyright (c)  George M. Sheldrick 2001-16                      +
 +  Started at 17:58:39 on 21 Apr 2016                              +
 ++++++++++++++++++++++++++++++++++++++++++++++++++++++++++++++++++++

 Please cite: G.M. Sheldrick (2010), "Experimental phasing with
 SHELXC/D/E: combining chain tracing with density modification",
 Acta Cryst. D66, 479-485 (Open Access) if SHELXE proves useful.

 Command line parameters:
  9.pda -m10 -a1 -s0.6 -v0 -u2999 -t10 -q -y2.10 -x

 Cell and symmetry from: 9.pda
 Phases calculated using atoms from: 9.pda
 Native data from: 9.hkl
 Listing output to 9.lst
 Phases output to 9.phs
 Poly-Ala trace output to 9.pdb

 Summary of parameters to be employed:

 -a     1  iterations autotracing
 -b   5.0  extra B for revised heavy atom sites
 -c 0.400  fraction of pixels in crossover region
 -d 0.000  high resolution limit to be applied to input data
 -e unset  fill in missing data up to maximum resolution + 0.2 Ang.
 -f unset  read intensity not F from native .hkl file
 -F 0.800  fractional weight for phases from previous global cycle
 -g 1.100  solvent gamma flipping factor
 -i unset  no structure inversion
 -k   4.5  minimum height/sigma for revised heavy atom sites
 -l     2  space for  2000000 reflections
 -L     6  minimum number of residues per chain (if more than 3 chains)
 -m    10  cycles of density modification
 -G 0.700  FOM threshold for initial tripeptides and chain extension
 -n unset  do not apply NCS in autotracing
 -o unset  do not optimize input fragment by omitting residues
 -q unset  no alpha-helix search
 -r  3.00  map resolution (multiplies maximum indices)
 -s 0.600  solvent fraction
 -t 10.00  time factor for peptide searches (increase if difficult)
 -u  2999  MB allocatable memory for fragment optimization
 -U  0.00  abort if less than this % of fragment CA retained within 0.7A
 -v 0.000  density sharpening factor
 -w 0.200  weight for experimental phases after cycle 1
 -x     2  read name.ent, generate phase and trace diagnostics
 -y  2.10  highest resolution in Ang. for starting phases from model
 -z unset  do not optimize heavy atoms

 Space group: P 63   Allowed origin shift code:  8

    51150 Reflections read from file 9.hkl

    51137 Unique data, highest resolution =  2.100 Angstroms

 Anisotropic scaling: intensities multiplied by
 -0.000092h^2 -0.000092k^2 +0.001691l^2 +0.000000kl +0.000000hl -0.000092hk

     6 Reflections with d > 2.300 and      0 in range  2.300 > d > 2.300 added

  2780 Atoms read from PDB format file 9.ent

 Fourier grid =   256 x  256 x   40     0.000 <= z <= 0.500

    92 Point spherical net set up with radius 2.42A
    24 Extra Fourier layers will be generated

 <|E^2-1|> = 0.763

  1055 Atoms read from PDB format file 9.pda

     0 NCS groups defined in .pda input file

 Overall CC between native Eobs and Ecalc (from fragment) =  6.92%

 Statistics for fragment phases:
 <cos> 0.103 / 0.111  <fom> 0.285 / 0.611  MPE  82.4 / 80.0  wMPE 78.1 / 75.6
 Starting from fragment phases truncated to  2.100A

 <cos> 0.108 / 0.111  <fom> 0.312 / 0.611  MPE  82.1 / 80.0  wMPE 78.1 / 75.6
 <wt> = 0.285 for fragment phases
 <cos> 0.110 / 0.114  <fom> 0.288 / 0.534  MPE  81.9 / 79.8  wMPE 78.1 / 75.8
 <wt> = 0.263, Contrast = 0.356, Connect. = 0.601 for dens.mod. cycle 1
 <cos> 0.111 / 0.115  <fom> 0.291 / 0.540  MPE  81.8 / 79.7  wMPE 77.8 / 75.0
 <wt> = 0.265, Contrast = 0.379, Connect. = 0.587 for dens.mod. cycle 2
 <cos> 0.113 / 0.119  <fom> 0.294 / 0.546  MPE  81.6 / 79.3  wMPE 77.6 / 74.4
 <wt> = 0.268, Contrast = 0.409, Connect. = 0.602 for dens.mod. cycle 3
 <cos> 0.115 / 0.120  <fom> 0.297 / 0.552  MPE  81.5 / 79.2  wMPE 77.4 / 74.1
 <wt> = 0.271, Contrast = 0.432, Connect. = 0.613 for dens.mod. cycle 4
 <cos> 0.116 / 0.131  <fom> 0.299 / 0.556  MPE  81.4 / 78.3  wMPE 77.3 / 73.9
 <wt> = 0.273, Contrast = 0.449, Connect. = 0.623 for dens.mod. cycle 5
 <cos> 0.118 / 0.128  <fom> 0.300 / 0.559  MPE  81.3 / 78.5  wMPE 77.1 / 73.7
 <wt> = 0.274, Contrast = 0.464, Connect. = 0.632 for dens.mod. cycle 6
 <cos> 0.119 / 0.131  <fom> 0.300 / 0.562  MPE  81.2 / 78.2  wMPE 77.0 / 73.6
 <wt> = 0.274, Contrast = 0.476, Connect. = 0.642 for dens.mod. cycle 7
 <cos> 0.120 / 0.136  <fom> 0.300 / 0.564  MPE  81.1 / 77.7  wMPE 76.8 / 73.6
 <wt> = 0.274, Contrast = 0.488, Connect. = 0.651 for dens.mod. cycle 8
 <cos> 0.122 / 0.136  <fom> 0.300 / 0.565  MPE  81.0 / 77.7  wMPE 76.7 / 73.5
 <wt> = 0.274, Contrast = 0.498, Connect. = 0.660 for dens.mod. cycle 9
 <cos> 0.123 / 0.136  <fom> 0.300 / 0.563  MPE  80.9 / 77.7  wMPE 76.6 / 73.6
 <wt> = 0.274, Contrast = 0.508, Connect. = 0.668 for dens.mod. cycle 10

 Shift from model in .ent:  dx= 0.000  dy= 0.000  dz= 0.008

 NOGO map generated for regions about rotation axes (if any)

  4916 peaks > 0.5 sigma used to seed fragment search

   465 potential (overlapping) alpha-helix fragments found

   #(CA)   CFOM   DenFit  NH...O  SecStr  Rama98  Rama80  DenMin (?=rej.)
 A:   28  56.643   2.809   0.492   0.623   1.000   0.815  CB 2.317
  1.77 11.50 15.04 19.47 14.16  8.85  3.54  4.42  0.88  20.354   5.065   0.704
 B:   18  43.424   2.941   0.650   0.565   0.882   0.706  CB 2.310
  1.37  8.22 21.92 10.96  6.85  8.22  1.37  2.74  9.59  28.767   3.272   0.788
 C:   15  20.982   2.477   0.381   0.502   0.857   0.571  CB 1.908
  0.00  1.64  6.56  4.92 19.67 19.67  6.56  0.00  1.64  39.344   2.734   1.161
 D:   13  12.997   2.392  -0.119   0.589   0.833   0.667  CB 1.964
  0.00  0.00  0.00  0.00  0.00  3.77  1.89  0.00  1.89  92.453   2.376   2.008
 E:   13  17.839   2.344   0.385   0.506   0.833   0.417  CB 1.893
  0.00  1.89  1.89  9.43  5.66  7.55  1.89  5.66  1.89  64.151   2.376   1.475
 F:    7  15.435   2.009   0.668   0.749   1.000   0.833  CB 1.506
  0.00  0.00  0.00  0.00  0.00  0.00  0.00  0.00  0.00 100.000   1.300   2.409
 G:   10  15.353   2.355   0.254   0.610   0.778   0.667  CB 2.009
  0.00  0.00  0.00  0.00  0.00  0.00  0.00  0.00  0.00 100.000   1.838   2.500
 H:    7  15.851   2.264   0.352   0.746   1.000   0.833  CB 1.696
  0.00  0.00  0.00  0.00  0.00  0.00  3.45  3.45  0.00  93.103   1.300   2.212
 I:   10  22.751   2.452   0.472   0.648   0.889   0.667  N 2.059
  0.00  0.00  0.00  0.00  2.44  0.00  2.44  2.44  2.44  90.244   1.838   2.081
 J:   12  16.708   2.495   0.130   0.514   0.909   0.727  CB 1.938
  0.00  0.00  0.00  0.00  2.04  0.00  0.00  0.00  6.12  91.837   2.196   2.076
 K:   13  14.302   2.314   0.468   0.484   0.750   0.500  CB 1.647
  0.00  0.00  0.00  0.00  0.00  0.00  0.00  0.00  0.00 100.000   2.376   2.443
 L:    7  11.160   1.914   0.477   0.736   0.833   0.833  CA 1.564
  0.00  0.00  0.00  0.00  0.00  0.00  0.00  0.00  0.00 100.000   1.300   2.098
 M:   13   9.297   1.650   0.638   0.488   0.833   0.667  CB 1.207
  0.00  0.00  0.00  0.00  1.89  0.00  3.77  0.00  1.89  92.453   2.376   2.119
 N:   10   3.912   1.480   0.098   0.618   0.778   0.667  CB 0.923
  0.00  0.00  0.00  0.00  0.00  0.00  0.00  0.00  0.00 100.000   1.838   2.495
 O:    8   6.817   1.673   0.195   0.778   0.857   0.857  CB 1.177
  0.00  0.00  0.00  0.00  0.00  0.00  0.00  0.00  0.00 100.000   1.479   2.378
 P:   10  12.597   2.039   0.121   0.732   1.000   0.889  CB 1.492
  0.00  0.00  0.00  0.00  0.00  0.00  4.88  2.44  0.00  92.683   1.838   2.052
 Q:    7   3.600   1.510  -0.218   0.752   0.833   0.667  CB 1.193
  0.00  0.00  0.00  0.00  0.00  0.00  0.00  0.00  0.00 100.000   1.300   2.486
 R:    6   2.787   1.390  -0.391   0.899   1.000   1.000  C 1.054
  0.00  0.00  0.00  0.00  0.00  0.00  0.00  0.00  0.00 100.000   1.121   2.246
 S:   12   5.441   1.355   0.155   0.515   1.000   0.636  CB 1.032
  0.00  0.00  0.00  0.00  0.00  0.00  0.00  0.00  2.04  97.959   2.196   2.154
 T:    6   3.638   1.156   1.310   0.900   1.000   1.000  CB 0.436
  0.00  0.00  0.00  0.00  4.00  0.00  0.00  4.00  4.00  88.000   1.121   1.906
 U:    8   4.525   1.306   0.229   0.773   0.857   0.857  CB 0.977
  0.00  0.00  0.00  0.00  0.00  0.00  3.03  3.03  3.03  90.909   1.479   2.001
 V:    6   2.856   1.145  -0.032   0.892   1.000   0.800  O 0.828
  0.00  0.00  0.00  0.00  0.00  0.00  0.00  0.00  0.00 100.000   1.121   2.223
 W:    8   2.155   1.058   0.048   0.642   0.857   0.714  N 0.750
  0.00  0.00  0.00  0.00  0.00  0.00  0.00  3.03  0.00  96.970   1.479   2.268
       7   1.013   1.145  -0.381   0.749   0.833   0.833  CB 0.561 ?
  0.00  0.00  0.00  0.00  0.00  0.00  0.00  0.00  0.00 100.000   1.300   2.398
       6   0.451   0.911  -0.695   0.899   1.000   1.000  N 0.519 ?
  0.00  0.00  0.00  0.00  0.00  0.00  0.00  0.00  0.00 100.000   1.121   2.398

   196 potential tripeptides employed

   #(CA)   CFOM   DenFit  NH...O  SecStr  Rama98  Rama80  DenMin (?=rej.)
 X:    6   6.539   2.736  -0.464   0.596   0.800   0.600  CA 2.274
  0.00  0.00  0.00  0.00  0.00  0.00  0.00  0.00  0.00 100.000   1.121   2.257
 Y:   13   4.404   2.088  -0.022   0.203   0.750   0.417  CB 1.180
  0.00  0.00  0.00  0.00  0.00  1.89  0.00  0.00  0.00  98.113   2.376   2.341
 Z:    8  10.229   2.025   0.604   0.427   0.714   0.429  N 1.798
  0.00  0.00  0.00  0.00  0.00  0.00  0.00  3.03  0.00  96.970   1.479   2.124
     8 residues pruned to eliminate duplicates
 Z:   11  10.530   2.190   0.261   0.429   0.700   0.500  CB 1.855
  0.00  0.00  0.00  0.00  0.00  0.00  0.00  0.00  0.00 100.000   2.017   2.500
 Z:    9   6.989   1.701   0.232   0.402   1.000   0.250  CB 1.306
  0.00  0.00  0.00  0.00  2.70  0.00  0.00  0.00  0.00  97.297   1.658   2.317
 Z:   17  18.813   2.472   0.197   0.443   0.875   0.500  CB 1.926
  0.00  0.00  0.00  0.00  0.00  0.00  1.45  4.35  0.00  94.203   3.093   2.171
    17 residues pruned to eliminate duplicates
 Z:   10   2.283   1.430   0.047   0.226   0.667   0.333  CB 1.051
  0.00  0.00  0.00  0.00  0.00  0.00  0.00  0.00  0.00 100.000   1.838   2.386
 Z:   24  31.721   2.491   0.301   0.676   0.870   0.783  CB 1.995
  3.09  4.12 12.37 17.53  9.28  7.22  3.09  0.00  2.06  41.237   4.348   1.093
    24 residues pruned to eliminate duplicates
       6   1.825   1.224   0.087   0.278   0.800   0.600  CB 0.986 ?
  0.00  0.00  0.00  0.00  0.00  0.00  0.00  0.00  0.00 100.000   1.121   2.241
 Z:    8   2.149   1.429   0.441   0.285   0.714   0.429  CB 0.704
  0.00  0.00  3.03  3.03  3.03  6.06  0.00  3.03  3.03  78.788   1.479   1.793
 Z:   37  27.487   2.299   0.246   0.516   0.889   0.500  CB 1.771
  0.00  2.01  4.70  7.38  9.40  6.71  1.34  4.70  0.67  63.087   6.679   1.556
    37 residues pruned to eliminate duplicates
 Z:   10   2.783   1.408   0.060   0.387   0.889   0.556  CB 0.788
  0.00  0.00  0.00  0.00  0.00  0.00  0.00  0.00  0.00 100.000   1.838   2.257

   0 Splices to join chains,  0 cis peptide(s) found

 Global chain diagnostics:
  0.31  2.19  3.95  3.95  4.16  3.54  1.66  1.87  1.77  76.587  43.075   1.837
   9.9% of CA within 1.0A,   6.4% within 0.5A and  27.4% incorrect CA

   235 residues left after pruning, divided into chains as follows:
 A:  28   B:  18   C:  15   D:  13   E:  13   F:   7   G:  10   H:   7   I:  10
 J:  12   K:  13   L:  13   M:   7   N:   6   O:   6   P:   8   Q:   6   R:   8
 S:   8   T:  10   U:  17

  83.0% starting CA preserved within 1.0A,  77.8% / 0.7A and  68.7% / 0.5A

 CC for partial structure against native data =  10.59 %
 <cos> 0.119 / 0.129  <fom> 0.412 / 0.730  MPE  81.2 / 78.4  wMPE 77.7 / 75.8
 <cos> 0.130 / 0.127  <fom> 0.592 / 0.778  MPE  80.4 / 78.6  wMPE 77.1 / 75.2

 ------------------------------------------------------------------------------

 Global autotracing cycle   2

 <cos> 0.130 / 0.127  <fom> 0.592 / 0.778  MPE  80.4 / 78.6  wMPE 77.1 / 75.2
 <wt> = 0.541 for fragment phases
 <cos> 0.131 / 0.135  <fom> 0.300 / 0.382  MPE  80.3 / 77.9  wMPE 77.1 / 75.1
 <wt> = 0.274, Contrast = 0.457, Connect. = 0.620 for dens.mod. cycle 1
 <cos> 0.132 / 0.142  <fom> 0.300 / 0.410  MPE  80.2 / 77.2  wMPE 76.7 / 73.0
 <wt> = 0.274, Contrast = 0.467, Connect. = 0.615 for dens.mod. cycle 2
 <cos> 0.134 / 0.150  <fom> 0.300 / 0.442  MPE  80.1 / 76.5  wMPE 76.3 / 71.6
 <wt> = 0.274, Contrast = 0.507, Connect. = 0.642 for dens.mod. cycle 3
 <cos> 0.135 / 0.152  <fom> 0.300 / 0.469  MPE  80.0 / 76.3  wMPE 76.0 / 71.1
 <wt> = 0.274, Contrast = 0.532, Connect. = 0.658 for dens.mod. cycle 4
 <cos> 0.135 / 0.146  <fom> 0.300 / 0.489  MPE  80.0 / 76.9  wMPE 75.8 / 71.0
 <wt> = 0.274, Contrast = 0.549, Connect. = 0.672 for dens.mod. cycle 5
 <cos> 0.136 / 0.138  <fom> 0.300 / 0.504  MPE  79.9 / 77.6  wMPE 75.6 / 71.1
 <wt> = 0.274, Contrast = 0.562, Connect. = 0.681 for dens.mod. cycle 6
 <cos> 0.137 / 0.139  <fom> 0.300 / 0.514  MPE  79.8 / 77.5  wMPE 75.4 / 71.4
 <wt> = 0.274, Contrast = 0.571, Connect. = 0.689 for dens.mod. cycle 7
 <cos> 0.138 / 0.142  <fom> 0.300 / 0.520  MPE  79.8 / 77.2  wMPE 75.2 / 71.6
 <wt> = 0.274, Contrast = 0.578, Connect. = 0.696 for dens.mod. cycle 8
 <cos> 0.139 / 0.139  <fom> 0.300 / 0.523  MPE  79.7 / 77.5  wMPE 75.0 / 71.8
 <wt> = 0.274, Contrast = 0.582, Connect. = 0.701 for dens.mod. cycle 9
 <cos> 0.140 / 0.136  <fom> 0.300 / 0.525  MPE  79.6 / 77.7  wMPE 74.8 / 72.0
 <wt> = 0.274, Contrast = 0.588, Connect. = 0.707 for dens.mod. cycle 10

 Shift from model in .ent:  dx= 0.000  dy= 0.000  dz= 0.008

 Estimated mean FOM and mapCC as a function of resolution
 d    inf - 4.58 - 3.62 - 3.15 - 2.87 - 2.66 - 2.50 - 2.37 - 2.27 - 2.18 - 2.10
 <FOM>   0.436  0.452  0.366  0.400  0.347  0.269  0.232  0.221  0.212  0.218
 <mapCC> 0.632  0.671  0.530  0.572  0.534  0.411  0.359  0.358  0.373  0.381
 N        5117   5157   5230   4956   5189   5180   5332   4969   5268   4739

 Estimated mean FOM = 0.316   Pseudo-free CC = 37.03 %

 Best trace (cycle   1 with CC 10.59%) was saved as 9.pdb

 ==============================================================================

       CPU times required in seconds
       -----------------------------
         4.4 - Setup, data input and phasing
         7.5 - FFTs and peak-searches
        10.9 - Sphere of influence
         0.4 - Rest of density modification
       890.2 - Alpha-helix search
       491.2 - Tripeptide search
        92.9 - Chain tracing
         0.0 - NCS analysis
        19.2 - B-value refinement for trace
         0.2 - Rest of tracing
         7.4 - Comparison with known structure


 ++++++++++++++++++++++++++++++++++++++++++++++++++++++++++++++++++++
 +  SHELXE finished at 18:24:51      Total time:      1524.60 secs  +
 ++++++++++++++++++++++++++++++++++++++++++++++++++++++++++++++++++++
