
 ++++++++++++++++++++++++++++++++++++++++++++++++++++++++++++++++++++
 +  SHELXE  -  PHASING AND DENSITY MODIFICATION  -  Version 2016/1  +
 +  Copyright (c)  George M. Sheldrick 2001-16                      +
 +  Started at 17:58:36 on 21 Apr 2016                              +
 ++++++++++++++++++++++++++++++++++++++++++++++++++++++++++++++++++++

 Please cite: G.M. Sheldrick (2010), "Experimental phasing with
 SHELXC/D/E: combining chain tracing with density modification",
 Acta Cryst. D66, 479-485 (Open Access) if SHELXE proves useful.

 Command line parameters:
  8.pda -m10 -a1 -s0.6 -v0 -u2999 -t10 -q -y2.10 -x

 Cell and symmetry from: 8.pda
 Phases calculated using atoms from: 8.pda
 Native data from: 8.hkl
 Listing output to 8.lst
 Phases output to 8.phs
 Poly-Ala trace output to 8.pdb

 Summary of parameters to be employed:

 -a     1  iterations autotracing
 -b   5.0  extra B for revised heavy atom sites
 -c 0.400  fraction of pixels in crossover region
 -d 0.000  high resolution limit to be applied to input data
 -e unset  fill in missing data up to maximum resolution + 0.2 Ang.
 -f unset  read intensity not F from native .hkl file
 -F 0.800  fractional weight for phases from previous global cycle
 -g 1.100  solvent gamma flipping factor
 -i unset  no structure inversion
 -k   4.5  minimum height/sigma for revised heavy atom sites
 -l     2  space for  2000000 reflections
 -L     6  minimum number of residues per chain (if more than 3 chains)
 -m    10  cycles of density modification
 -G 0.700  FOM threshold for initial tripeptides and chain extension
 -n unset  do not apply NCS in autotracing
 -o unset  do not optimize input fragment by omitting residues
 -q unset  no alpha-helix search
 -r  3.00  map resolution (multiplies maximum indices)
 -s 0.600  solvent fraction
 -t 10.00  time factor for peptide searches (increase if difficult)
 -u  2999  MB allocatable memory for fragment optimization
 -U  0.00  abort if less than this % of fragment CA retained within 0.7A
 -v 0.000  density sharpening factor
 -w 0.200  weight for experimental phases after cycle 1
 -x     2  read name.ent, generate phase and trace diagnostics
 -y  2.10  highest resolution in Ang. for starting phases from model
 -z unset  do not optimize heavy atoms

 Space group: P 63   Allowed origin shift code:  8

    51150 Reflections read from file 8.hkl

    51137 Unique data, highest resolution =  2.100 Angstroms

 Anisotropic scaling: intensities multiplied by
 -0.000092h^2 -0.000092k^2 +0.001691l^2 +0.000000kl +0.000000hl -0.000092hk

     6 Reflections with d > 2.300 and      0 in range  2.300 > d > 2.300 added

  2780 Atoms read from PDB format file 8.ent

 Fourier grid =   256 x  256 x   40     0.000 <= z <= 0.500

    92 Point spherical net set up with radius 2.42A
    24 Extra Fourier layers will be generated

 <|E^2-1|> = 0.763

   780 Atoms read from PDB format file 8.pda

     0 NCS groups defined in .pda input file

 Overall CC between native Eobs and Ecalc (from fragment) =  4.75%

 Statistics for fragment phases:
 <cos> 0.008 / 0.026  <fom> 0.251 / 0.568  MPE  89.5 / 87.7  wMPE 89.3 / 88.8
 Starting from fragment phases truncated to  2.100A

 <cos> 0.008 / 0.026  <fom> 0.275 / 0.568  MPE  89.5 / 87.7  wMPE 89.3 / 88.8
 <wt> = 0.251 for fragment phases
 <cos> 0.008 / 0.021  <fom> 0.276 / 0.547  MPE  89.4 / 88.1  wMPE 89.3 / 88.6
 <wt> = 0.252, Contrast = 0.375, Connect. = 0.589 for dens.mod. cycle 1
 <cos> 0.007 / 0.011  <fom> 0.283 / 0.553  MPE  89.4 / 89.0  wMPE 89.2 / 88.6
 <wt> = 0.258, Contrast = 0.409, Connect. = 0.587 for dens.mod. cycle 2
 <cos> 0.007 / 0.006  <fom> 0.289 / 0.560  MPE  89.5 / 89.5  wMPE 89.2 / 88.5
 <wt> = 0.264, Contrast = 0.436, Connect. = 0.598 for dens.mod. cycle 3
 <cos> 0.007 / 0.010  <fom> 0.294 / 0.566  MPE  89.5 / 89.1  wMPE 89.2 / 88.5
 <wt> = 0.269, Contrast = 0.457, Connect. = 0.608 for dens.mod. cycle 4
 <cos> 0.007 / 0.010  <fom> 0.297 / 0.569  MPE  89.5 / 89.1  wMPE 89.2 / 88.5
 <wt> = 0.271, Contrast = 0.472, Connect. = 0.618 for dens.mod. cycle 5
 <cos> 0.007 / 0.011  <fom> 0.299 / 0.573  MPE  89.5 / 89.0  wMPE 89.2 / 88.5
 <wt> = 0.273, Contrast = 0.484, Connect. = 0.628 for dens.mod. cycle 6
 <cos> 0.007 / 0.016  <fom> 0.299 / 0.575  MPE  89.5 / 88.6  wMPE 89.2 / 88.5
 <wt> = 0.273, Contrast = 0.494, Connect. = 0.636 for dens.mod. cycle 7
 <cos> 0.008 / 0.022  <fom> 0.300 / 0.576  MPE  89.5 / 88.1  wMPE 89.2 / 88.5
 <wt> = 0.274, Contrast = 0.503, Connect. = 0.645 for dens.mod. cycle 8
 <cos> 0.008 / 0.021  <fom> 0.300 / 0.576  MPE  89.5 / 88.1  wMPE 89.2 / 88.6
 <wt> = 0.274, Contrast = 0.510, Connect. = 0.653 for dens.mod. cycle 9
 <cos> 0.007 / 0.020  <fom> 0.300 / 0.575  MPE  89.5 / 88.2  wMPE 89.2 / 88.6
 <wt> = 0.274, Contrast = 0.516, Connect. = 0.661 for dens.mod. cycle 10

 Shift from model in .ent:  dx= 0.000  dy= 0.000  dz= 0.131

 NOGO map generated for regions about rotation axes (if any)

  4916 peaks > 0.5 sigma used to seed fragment search

   356 potential (overlapping) alpha-helix fragments found

   #(CA)   CFOM   DenFit  NH...O  SecStr  Rama98  Rama80  DenMin (?=rej.)
 A:   32  45.380   2.937   0.339   0.498   0.935   0.548  CB 2.219
  0.00  0.00  0.00  0.00  0.00  0.00  0.00  0.00  0.00 100.000   5.782   2.500
 B:   26  37.916   2.786   0.405   0.584   0.920   0.600  CB 1.943
  0.00  0.00  0.00  0.00  0.00  0.00  0.00  0.00  0.00 100.000   4.706   2.500
 C:   17  18.728   2.910   0.118   0.477   0.688   0.562  CB 2.143
  0.00  0.00  0.00  0.00  0.00  0.00  0.00  0.00  0.00 100.000   3.093   2.500
 D:   12  23.911   2.771   0.410   0.526   0.818   0.545  CB 2.200
  0.00  0.00  0.00  0.00  0.00  0.00  0.00  0.00  0.00 100.000   2.196   2.500
 E:   11  19.026   2.467   0.458   0.610   0.800   0.700  CB 1.884
  0.00  0.00  0.00  0.00  0.00  0.00  0.00  0.00  0.00 100.000   2.017   2.500
 F:    8  16.865   2.585   0.301   0.759   0.857   0.714  CB 1.756
  0.00  0.00  0.00  0.00  0.00  0.00  0.00  0.00  0.00 100.000   1.479   2.351
 G:   11   9.109   2.074   0.008   0.598   0.900   0.800  CB 1.393
  0.00  0.00  0.00  0.00  0.00  0.00  0.00  0.00  0.00 100.000   2.017   2.500
 H:   10  11.127   1.943   0.355   0.649   1.000   0.667  CB 1.226
  0.00  0.00  0.00  0.00  0.00  0.00  0.00  0.00  0.00 100.000   1.838   2.408
 I:    8  15.749   2.334   0.374   0.777   0.857   0.857  CB 1.695
  0.00  0.00  0.00  0.00  0.00  0.00  3.03  0.00  0.00  96.970   1.479   2.118
 J:    7  19.090   2.460   0.392   0.886   0.833   0.833  CA 1.971
  0.00  0.00  0.00  0.00  0.00  0.00  0.00  0.00  0.00 100.000   1.300   2.500
 K:   10  19.073   2.465   0.126   0.691   0.889   0.778  CA 2.163
  0.00  0.00  0.00  0.00  0.00  0.00  0.00  0.00  0.00 100.000   1.838   2.318
 L:    6   2.516   1.237  -0.251   0.900   1.000   1.000  N 0.867
  0.00  0.00  0.00  0.00  0.00  0.00  0.00  0.00  0.00 100.000   1.121   2.500
 M:    8   2.643   1.499  -0.136   0.637   0.714   0.714  CB 0.950
  0.00  0.00  0.00  0.00  0.00  0.00  0.00  0.00  0.00 100.000   1.479   2.379
 N:    6   3.392   1.408  -0.230   0.893   1.000   0.800  CB 1.005
  0.00  0.00  0.00  0.00  4.00  0.00  0.00  0.00  0.00  96.000   1.121   2.236

   238 potential tripeptides employed

   #(CA)   CFOM   DenFit  NH...O  SecStr  Rama98  Rama80  DenMin (?=rej.)
 O:   20  15.804   2.501   0.141   0.285   0.789   0.368  CB 2.050
  0.00  0.00  0.00  0.00  0.00  0.00  0.00  1.23  0.00  98.765   3.631   2.312
 P:   13  10.318   2.312   0.164   0.305   0.750   0.250  N 1.832
  0.00  0.00  0.00  0.00  0.00  0.00  1.89  1.89  0.00  96.226   2.376   2.363
       6   0.462   0.926  -0.379   0.350   0.800   0.600  N 0.528 ?
  0.00  0.00  0.00  0.00  0.00  0.00  0.00  0.00  0.00 100.000   1.121   2.500
 Q:    8   5.221   1.541   0.929   0.280   0.857   0.286  CB 0.993
  0.00  0.00  0.00  0.00  0.00  0.00  0.00  0.00  0.00 100.000   1.479   2.500
 R:   18   9.850   2.402   0.316   0.393   0.588   0.353  CB 1.439
  0.00  0.00  0.00  0.00  0.00  0.00  0.00  0.00  0.00 100.000   3.272   2.500
    18 residues pruned to eliminate duplicates
 S:   13  14.503   2.492   0.173   0.363   0.833   0.500  CB 1.990
  0.00  0.00  0.00  0.00  0.00  0.00  0.00  0.00  0.00 100.000   2.376   2.500
    13 residues pruned to eliminate duplicates
 T:   13   5.670   1.766   0.084   0.397   0.750   0.500  CB 1.271
  0.00  0.00  0.00  1.89  0.00  0.00  0.00  0.00  0.00  98.113   2.376   2.320
    13 residues pruned to eliminate duplicates
 U:    9   2.584   1.654   0.315   0.125   0.750   0.625  CB 0.896
  0.00  0.00  0.00  0.00  2.70  0.00  0.00  0.00  0.00  97.297   1.658   2.364
 V:    6   2.067   1.512  -0.123   0.409   0.800   0.400  CB 0.958
  0.00  0.00  0.00  0.00  0.00  0.00  0.00  0.00  0.00 100.000   1.121   2.265
 W:   16   8.263   2.049   0.133   0.390   0.800   0.533  CB 1.291
  0.00  0.00  0.00  0.00  0.00  0.00  0.00  0.00  0.00 100.000   2.913   2.500
    16 residues pruned to eliminate duplicates
 X:   18  15.565   2.432   0.278   0.395   0.706   0.529  N 1.923
  0.00  0.00  0.00  0.00  0.00  0.00  0.00  0.00  0.00 100.000   3.272   2.500
    18 residues pruned to eliminate duplicates
 Y:    6   2.501   1.131   0.380   0.680   1.000   0.400  CB 0.608
  0.00  0.00  0.00  0.00  0.00  0.00  0.00  4.00  0.00  96.000   1.121   2.244
       6   1.559   1.803  -0.254   0.141   0.800   0.800  CB 1.011 ?
  0.00  0.00  0.00  0.00  0.00  0.00  0.00  0.00  0.00 100.000   1.121   2.500
 Z:    6   3.156   1.140   0.290   0.498   1.000   0.600  N 0.962
  0.00  0.00  0.00  0.00  0.00  0.00  0.00  0.00  0.00 100.000   1.121   2.413
       8   1.446   1.156   0.369   0.266   0.714   0.429  N 0.631 ?
  0.00  0.00  0.00  0.00  0.00  0.00  0.00  0.00  0.00 100.000   1.479   2.383
 Z:   12   7.975   2.206   0.089   0.348   0.909   0.545  CB 1.297
  0.00  0.00  0.00  0.00  0.00  0.00  0.00  0.00  0.00 100.000   2.196   2.500
    12 residues pruned to eliminate duplicates
       7   1.959   1.249   0.342   0.214   0.833   0.500  CB 0.802 ?
  0.00  0.00  0.00  0.00  0.00  0.00  0.00  0.00  0.00 100.000   1.300   2.500
 Z:   21  21.120   2.785   0.069   0.525   0.700   0.650  CB 2.210
  0.00  0.00  0.00  0.00  0.00  0.00  0.00  0.00  0.00 100.000   3.810   2.500
    17 residues pruned to eliminate duplicates
 Z:   12   3.562   1.763   0.619   0.083   0.727   0.182  CB 0.888
  0.00  0.00  0.00  0.00  0.00  0.00  0.00  0.00  0.00 100.000   2.196   2.500
 Z:   11   5.029   1.652   0.311   0.187   0.900   0.600  CB 1.188
  0.00  0.00  0.00  0.00  0.00  0.00  0.00  0.00  0.00 100.000   2.017   2.500
    11 residues pruned to eliminate duplicates
 Z:    6   3.656   1.523   0.661   0.130   0.800   0.000  N 1.283
  0.00  0.00  0.00  0.00  0.00  4.00  0.00  0.00  0.00  96.000   1.121   1.975
 Z:   11   2.925   1.527  -0.007   0.469   0.800   0.400  CB 0.787
  0.00  0.00  0.00  0.00  0.00  0.00  0.00  0.00  0.00 100.000   2.017   2.500
    11 residues pruned to eliminate duplicates
 Z:   14  11.422   2.373  -0.124   0.444   0.923   0.769  CB 1.750
  0.00  0.00  0.00  0.00  0.00  0.00  0.00  0.00  0.00 100.000   2.555   2.388
    14 residues pruned to eliminate duplicates
       6   0.833   1.236   0.569   0.322   0.600   0.400  CB 0.390 ?
  0.00  0.00  0.00  0.00  0.00  0.00  0.00  0.00  4.00  96.000   1.121   2.271

   0 Splices to join chains,  0 cis peptide(s) found

 Global chain diagnostics:
  0.00  0.00  0.00  0.00  0.00  0.00  0.27  0.27  0.00  99.469  33.797   2.429
   0.4% of CA within 1.0A,   0.0% within 0.5A and  33.0% incorrect CA

   185 residues left after pruning, divided into chains as follows:
 A:  32   B:  18   C:  12   D:  11   E:   8   F:  11   G:  10   H:   8   I:   7
 J:  10   K:  20   L:  13   M:   6   N:  19

  94.7% starting CA preserved within 1.0A,  92.9% / 0.7A and  88.2% / 0.5A

 CC for partial structure against native data =   8.86 %
 <cos> 0.006 / 0.007  <fom> 0.389 / 0.699  MPE  89.6 / 89.4  wMPE 89.4 / 89.0
 <cos> 0.006 / 0.011  <fom> 0.573 / 0.764  MPE  89.6 / 89.0  wMPE 89.3 / 88.7

 ------------------------------------------------------------------------------

 Global autotracing cycle   2

 <cos> 0.006 / 0.011  <fom> 0.573 / 0.764  MPE  89.6 / 89.0  wMPE 89.3 / 88.7
 <wt> = 0.523 for fragment phases
 <cos> 0.006 / 0.007  <fom> 0.300 / 0.389  MPE  89.6 / 89.4  wMPE 89.3 / 88.6
 <wt> = 0.274, Contrast = 0.492, Connect. = 0.615 for dens.mod. cycle 1
 <cos> 0.005 / 0.007  <fom> 0.300 / 0.415  MPE  89.6 / 89.4  wMPE 89.3 / 88.2
 <wt> = 0.274, Contrast = 0.505, Connect. = 0.613 for dens.mod. cycle 2
 <cos> 0.006 / 0.017  <fom> 0.300 / 0.445  MPE  89.6 / 88.5  wMPE 89.3 / 87.9
 <wt> = 0.274, Contrast = 0.536, Connect. = 0.635 for dens.mod. cycle 3
 <cos> 0.005 / 0.016  <fom> 0.300 / 0.472  MPE  89.6 / 88.5  wMPE 89.3 / 88.0
 <wt> = 0.274, Contrast = 0.554, Connect. = 0.651 for dens.mod. cycle 4
 <cos> 0.005 / 0.023  <fom> 0.300 / 0.492  MPE  89.6 / 88.0  wMPE 89.3 / 88.0
 <wt> = 0.274, Contrast = 0.566, Connect. = 0.665 for dens.mod. cycle 5
 <cos> 0.005 / 0.028  <fom> 0.300 / 0.507  MPE  89.6 / 87.5  wMPE 89.3 / 88.1
 <wt> = 0.274, Contrast = 0.573, Connect. = 0.674 for dens.mod. cycle 6
 <cos> 0.006 / 0.034  <fom> 0.300 / 0.518  MPE  89.6 / 86.9  wMPE 89.3 / 88.2
 <wt> = 0.274, Contrast = 0.578, Connect. = 0.682 for dens.mod. cycle 7
 <cos> 0.009 / 0.036  <fom> 0.300 / 0.525  MPE  89.4 / 86.8  wMPE 89.3 / 88.2
 <wt> = 0.274, Contrast = 0.582, Connect. = 0.689 for dens.mod. cycle 8
 <cos> 0.009 / 0.033  <fom> 0.300 / 0.530  MPE  89.4 / 87.0  wMPE 89.3 / 88.3
 <wt> = 0.274, Contrast = 0.584, Connect. = 0.695 for dens.mod. cycle 9
 <cos> 0.009 / 0.034  <fom> 0.300 / 0.532  MPE  89.4 / 87.0  wMPE 89.3 / 88.3
 <wt> = 0.274, Contrast = 0.587, Connect. = 0.700 for dens.mod. cycle 10

 Shift from model in .ent:  dx= 0.000  dy= 0.000  dz= 0.129

 Estimated mean FOM and mapCC as a function of resolution
 d    inf - 4.58 - 3.62 - 3.15 - 2.87 - 2.66 - 2.50 - 2.37 - 2.27 - 2.18 - 2.10
 <FOM>   0.419  0.445  0.376  0.362  0.316  0.276  0.253  0.221  0.184  0.178
 <mapCC> 0.607  0.659  0.547  0.530  0.483  0.422  0.386  0.358  0.332  0.320
 N        5117   5157   5230   4956   5189   5180   5332   4969   5268   4739

 Estimated mean FOM = 0.304   Pseudo-free CC = 34.82 %

 Best trace (cycle   1 with CC  8.86%) was saved as 8.pdb

 ==============================================================================

       CPU times required in seconds
       -----------------------------
         3.8 - Setup, data input and phasing
         6.7 - FFTs and peak-searches
         8.9 - Sphere of influence
         0.3 - Rest of density modification
       892.7 - Alpha-helix search
       508.1 - Tripeptide search
       117.7 - Chain tracing
         0.0 - NCS analysis
         9.6 - B-value refinement for trace
         0.2 - Rest of tracing
         7.5 - Comparison with known structure


 ++++++++++++++++++++++++++++++++++++++++++++++++++++++++++++++++++++
 +  SHELXE finished at 18:25:20      Total time:      1555.45 secs  +
 ++++++++++++++++++++++++++++++++++++++++++++++++++++++++++++++++++++
