
 ++++++++++++++++++++++++++++++++++++++++++++++++++++++++++++++++++++
 +  SHELXE  -  PHASING AND DENSITY MODIFICATION  -  Version 2016/1  +
 +  Copyright (c)  George M. Sheldrick 2001-16                      +
 +  Started at 18:26:15 on 21 Apr 2016                              +
 ++++++++++++++++++++++++++++++++++++++++++++++++++++++++++++++++++++

 Please cite: G.M. Sheldrick (2010), "Experimental phasing with
 SHELXC/D/E: combining chain tracing with density modification",
 Acta Cryst. D66, 479-485 (Open Access) if SHELXE proves useful.

 Command line parameters:
  4.pda -m10 -a1 -s0.6 -v0 -u2999 -t10 -q -y2.10 -x

 Cell and symmetry from: 4.pda
 Phases calculated using atoms from: 4.pda
 Native data from: 4.hkl
 Listing output to 4.lst
 Phases output to 4.phs
 Poly-Ala trace output to 4.pdb

 Summary of parameters to be employed:

 -a     1  iterations autotracing
 -b   5.0  extra B for revised heavy atom sites
 -c 0.400  fraction of pixels in crossover region
 -d 0.000  high resolution limit to be applied to input data
 -e unset  fill in missing data up to maximum resolution + 0.2 Ang.
 -f unset  read intensity not F from native .hkl file
 -F 0.800  fractional weight for phases from previous global cycle
 -g 1.100  solvent gamma flipping factor
 -i unset  no structure inversion
 -k   4.5  minimum height/sigma for revised heavy atom sites
 -l     2  space for  2000000 reflections
 -L     6  minimum number of residues per chain (if more than 3 chains)
 -m    10  cycles of density modification
 -G 0.700  FOM threshold for initial tripeptides and chain extension
 -n unset  do not apply NCS in autotracing
 -o unset  do not optimize input fragment by omitting residues
 -q unset  no alpha-helix search
 -r  3.00  map resolution (multiplies maximum indices)
 -s 0.600  solvent fraction
 -t 10.00  time factor for peptide searches (increase if difficult)
 -u  2999  MB allocatable memory for fragment optimization
 -U  0.00  abort if less than this % of fragment CA retained within 0.7A
 -v 0.000  density sharpening factor
 -w 0.200  weight for experimental phases after cycle 1
 -x     2  read name.ent, generate phase and trace diagnostics
 -y  2.10  highest resolution in Ang. for starting phases from model
 -z unset  do not optimize heavy atoms

 Space group: P 63   Allowed origin shift code:  8

    51150 Reflections read from file 4.hkl

    51137 Unique data, highest resolution =  2.100 Angstroms

 Anisotropic scaling: intensities multiplied by
 -0.000092h^2 -0.000092k^2 +0.001691l^2 +0.000000kl +0.000000hl -0.000092hk

     6 Reflections with d > 2.300 and      0 in range  2.300 > d > 2.300 added

  2780 Atoms read from PDB format file 4.ent

 Fourier grid =   256 x  256 x   40     0.000 <= z <= 0.500

    92 Point spherical net set up with radius 2.42A
    24 Extra Fourier layers will be generated

 <|E^2-1|> = 0.763

  1225 Atoms read from PDB format file 4.pda

     0 NCS groups defined in .pda input file

 Overall CC between native Eobs and Ecalc (from fragment) = 10.74%

 Statistics for fragment phases:
 <cos> 0.205 / 0.186  <fom> 0.339 / 0.654  MPE  74.8 / 73.3  wMPE 67.9 / 66.8
 Starting from fragment phases truncated to  2.100A

 <cos> 0.213 / 0.186  <fom> 0.371 / 0.654  MPE  74.2 / 73.3  wMPE 67.9 / 66.8
 <wt> = 0.339 for fragment phases
 <cos> 0.216 / 0.194  <fom> 0.299 / 0.495  MPE  74.0 / 72.6  wMPE 67.9 / 66.5
 <wt> = 0.273, Contrast = 0.397, Connect. = 0.614 for dens.mod. cycle 1
 <cos> 0.219 / 0.202  <fom> 0.299 / 0.500  MPE  73.8 / 71.9  wMPE 67.4 / 65.0
 <wt> = 0.273, Contrast = 0.407, Connect. = 0.588 for dens.mod. cycle 2
 <cos> 0.222 / 0.205  <fom> 0.300 / 0.507  MPE  73.5 / 71.6  wMPE 66.9 / 63.8
 <wt> = 0.274, Contrast = 0.441, Connect. = 0.605 for dens.mod. cycle 3
 <cos> 0.225 / 0.204  <fom> 0.300 / 0.513  MPE  73.3 / 71.7  wMPE 66.5 / 63.1
 <wt> = 0.274, Contrast = 0.466, Connect. = 0.619 for dens.mod. cycle 4
 <cos> 0.228 / 0.209  <fom> 0.300 / 0.518  MPE  73.1 / 71.2  wMPE 66.2 / 62.5
 <wt> = 0.274, Contrast = 0.487, Connect. = 0.631 for dens.mod. cycle 5
 <cos> 0.232 / 0.218  <fom> 0.300 / 0.522  MPE  72.8 / 70.4  wMPE 65.8 / 62.0
 <wt> = 0.274, Contrast = 0.504, Connect. = 0.642 for dens.mod. cycle 6
 <cos> 0.235 / 0.223  <fom> 0.300 / 0.526  MPE  72.6 / 69.9  wMPE 65.4 / 61.6
 <wt> = 0.274, Contrast = 0.518, Connect. = 0.653 for dens.mod. cycle 7
 <cos> 0.238 / 0.226  <fom> 0.300 / 0.528  MPE  72.4 / 69.7  wMPE 65.1 / 61.4
 <wt> = 0.274, Contrast = 0.532, Connect. = 0.662 for dens.mod. cycle 8
 <cos> 0.241 / 0.235  <fom> 0.300 / 0.528  MPE  72.1 / 68.8  wMPE 64.8 / 61.3
 <wt> = 0.274, Contrast = 0.547, Connect. = 0.672 for dens.mod. cycle 9
 <cos> 0.244 / 0.232  <fom> 0.300 / 0.526  MPE  71.9 / 69.1  wMPE 64.4 / 61.2
 <wt> = 0.274, Contrast = 0.561, Connect. = 0.681 for dens.mod. cycle 10

 Shift from model in .ent:  dx= 0.000  dy= 0.000  dz= 0.025

 NOGO map generated for regions about rotation axes (if any)

  4920 peaks > 0.5 sigma used to seed fragment search

   542 potential (overlapping) alpha-helix fragments found

   #(CA)   CFOM   DenFit  NH...O  SecStr  Rama98  Rama80  DenMin (?=rej.)
 A:   26  54.145   2.767   0.658   0.643   0.920   0.760  CB 2.245
  6.67 15.24 21.90 24.76  5.71  4.76  1.90  0.00  0.00  19.048   4.706   0.611
 B:   46  44.531   2.664   0.311   0.555   0.889   0.533  CB 2.028
  1.08  5.95 14.59 10.81 14.59  8.65  6.49  2.70  2.70  32.432   8.292   0.901
 C:   20  48.447   2.765   0.877   0.584   0.895   0.684  CB 2.207
  0.00  0.00  3.70 11.11  6.17  9.88  8.64  7.41  3.70  49.383   3.631   1.118
 D:   34  27.719   2.612   0.506   0.345   0.697   0.364  CB 2.082
  1.46  3.65  5.11  8.76  3.65  1.46  2.92  0.00  0.00  72.993   6.141   1.584
 E:   12  13.723   2.219   0.603   0.499   0.727   0.636  CB 1.601
  0.00 12.24  6.12  4.08  6.12  6.12  6.12  6.12  2.04  51.020   2.196   1.257
 F:   27  21.435   2.258   0.535   0.443   0.769   0.462  CB 1.672
  0.00  1.83  3.67  9.17 10.09  2.75  0.00  0.92  0.92  70.642   4.886   1.614
 G:   25  13.554   2.264   0.183   0.476   0.708   0.583  CB 1.494
  0.00  1.98  7.92  2.97  5.94  3.96  2.97  6.93  4.95  62.376   4.527   1.386
 H:   19  19.394   2.242   0.645   0.404   0.778   0.389  CB 1.762
  0.00  1.30  2.60 11.69 10.39 10.39  7.79  2.60  1.30  51.948   3.451   1.389
 I:   11  18.572   2.223   0.885   0.630   0.900   0.700  CB 1.378
  0.00  0.00  0.00  0.00  2.22  0.00  0.00  0.00  0.00  97.778   2.017   2.132
 J:   11  11.360   2.094   0.202   0.618   0.900   0.800  CB 1.418
  0.00  0.00  2.22  6.67  6.67  6.67  2.22 15.56  4.44  55.556   2.017   1.185
 K:   20  14.481   1.971   0.419   0.576   0.789   0.579  CB 1.398
  1.23  4.94  4.94  3.70  2.47 11.11  9.88  9.88  4.94  46.914   3.631   1.176
    12 residues pruned to eliminate duplicates
 L:   15  14.165   2.123   0.191   0.619   0.929   0.571  CB 1.441
  0.00  0.00  0.00  0.00  0.00  0.00  0.00  0.00  0.00 100.000   2.734   2.279
 M:    6   4.971   1.627  -0.184   0.890   1.000   1.000  CB 1.205
  0.00  0.00  0.00  0.00  0.00  0.00  0.00  0.00  0.00 100.000   1.121   2.140
 N:    8   7.334   1.414   0.798   0.776   0.857   0.857  CB 0.997
  0.00  0.00  0.00  0.00  0.00  0.00  0.00  0.00  3.03  96.970   1.479   2.169
 O:    9   4.738   1.429   0.583   0.544   0.875   0.625  CB 0.811
  0.00  0.00  0.00  0.00  0.00  2.70  0.00  0.00  0.00  97.297   1.658   1.963
 P:   29  59.452   2.366   1.096   0.786   0.964   0.821  CB 1.826
  0.85  9.40 14.53 36.75 18.80  5.98  5.98  3.42  3.42   0.855   5.244   0.405
    25 residues pruned to eliminate duplicates
 Q:   12   7.549   1.515   0.475   0.474   0.909   0.727  N 1.150
  0.00  2.04  6.12  6.12  6.12 20.41  8.16  2.04  2.04  46.939   2.196   1.233
 R:   29  24.737   2.171   0.442   0.602   0.821   0.643  CB 1.649
  0.85  1.71  1.71  5.98  7.69  4.27  6.84  6.84  2.56  61.538   5.244   1.354
    29 residues pruned to eliminate duplicates
 S:    6   2.606   1.049   0.208   0.897   1.000   1.000  N 0.659
  0.00  4.00  8.00 16.00  4.00  4.00 12.00  4.00  0.00  48.000   1.121   0.933
 T:    6   2.356   1.093  -0.033   0.896   1.000   0.800  CB 0.714
  0.00  0.00  0.00  0.00  0.00  0.00  0.00  0.00  0.00 100.000   1.121   1.880
 U:    8   3.241   1.071   0.438   0.782   1.000   0.857  CB 0.620
  0.00  0.00  3.03 12.12 18.18  9.09  6.06  9.09  3.03  39.394   1.479   1.117
 V:    6   3.987   1.109   0.250   0.897   1.000   1.000  CB 0.921
  0.00  0.00  0.00  4.00  0.00  0.00  0.00  4.00  0.00  92.000   1.121   2.010
 W:    8   3.693   0.989   0.677   0.779   1.000   1.000  CA 0.658
  0.00  0.00  0.00  6.06 21.21 45.45 15.15 12.12  0.00   0.000   1.479   0.559

   122 potential tripeptides employed

   #(CA)   CFOM   DenFit  NH...O  SecStr  Rama98  Rama80  DenMin (?=rej.)
 X:   10   7.355   2.307  -0.106   0.415   0.667   0.556  CB 1.949
  0.00  0.00  0.00  0.00  0.00  2.44  0.00  0.00  0.00  97.561   1.838   2.225
     6 residues pruned to eliminate duplicates
 Y:   27  24.739   2.506   0.417   0.455   0.769   0.538  CB 1.860
  0.00  0.00  2.75  9.17  6.42  2.75  7.34  5.50  8.26  57.798   4.886   1.341
    27 residues pruned to eliminate duplicates
 Z:   36  12.921   2.116   0.357   0.242   0.686   0.343  CB 1.495
  0.69  1.38  0.69  3.45  0.00  0.69  2.07  4.14  3.45  83.448   6.499   1.791
    35 residues pruned to eliminate duplicates
 Z:   10   7.170   2.252   0.292   0.149   0.667   0.222  CB 1.898
  0.00  0.00  0.00  0.00  0.00  0.00  0.00  0.00  2.44  97.561   1.838   2.341
    10 residues pruned to eliminate duplicates
 Z:   27  31.674   2.508   0.783   0.471   0.808   0.654  CB 1.772
  0.00  0.00  0.00  4.59 10.09  6.42  6.42  6.42  1.83  64.220   4.886   1.386
    27 residues pruned to eliminate duplicates
 Z:   13   8.178   2.016   0.380   0.214   0.833   0.333  CB 1.426
  0.00  0.00  0.00  0.00  0.00  0.00  0.00  1.89  0.00  98.113   2.376   2.219
    13 residues pruned to eliminate duplicates
 Z:    8   4.225   1.436   0.212   0.289   1.000   0.429  CB 1.164
  0.00  0.00  0.00  0.00  0.00  0.00  0.00  0.00  0.00 100.000   1.479   2.119
 Z:   17   3.247   1.609   0.218   0.218   0.688   0.312  CB 0.839
  0.00  0.00  1.45  1.45  0.00  0.00  0.00  2.90  1.45  92.754   3.093   1.916
       6   1.060   1.376   0.201   0.353   0.800   0.400  CB 0.420 ?
  0.00  0.00  0.00  0.00  0.00  4.00  0.00  0.00  4.00  92.000   1.121   2.136
 Z:   19  11.512   2.206   0.173   0.245   0.778   0.333  N 1.810
  0.00  0.00  1.30  0.00  0.00  0.00  0.00  1.30  1.30  96.104   3.451   2.021
    19 residues pruned to eliminate duplicates
 Z:    7   4.283   1.339   0.391   0.471   1.000   0.333  N 0.967
  0.00  0.00  0.00  0.00  0.00  0.00  3.45  0.00  0.00  96.552   1.300   1.644
       7   1.952   1.162   0.346   0.474   0.667   0.333  CA 0.784 ?
  0.00  0.00  0.00  0.00  0.00  0.00  0.00  0.00  0.00 100.000   1.300   2.344
 Z:    8   2.349   1.459   0.459   0.366   0.714   0.714  CB 0.674
  0.00  0.00  0.00  0.00  0.00  0.00  3.03  3.03  3.03  90.909   1.479   1.780
 Z:    8   2.169   1.027   0.552   0.334   0.714   0.429  CB 0.863
  0.00  0.00  0.00  0.00  0.00  0.00  0.00  0.00  0.00 100.000   1.479   2.500
 Z:    6   2.400   1.503   0.437   0.139   0.800   0.600  CB 0.973
  0.00  0.00  0.00  0.00  0.00  4.00  0.00  8.00  4.00  84.000   1.121   1.698
 Z:   13  10.019   1.983   0.168   0.459   0.833   0.583  CB 1.563
  0.00  0.00  0.00  0.00  0.00  0.00  1.89  1.89  1.89  94.340   2.376   2.093
    10 residues pruned to eliminate duplicates
 Z:    9   2.774   1.731  -0.172   0.374   0.625   0.375  CB 1.252
  0.00  0.00  0.00  0.00  0.00  0.00  0.00  0.00  0.00 100.000   1.658   2.239

   0 Splices to join chains,  0 cis peptide(s) found

 Global chain diagnostics:
  0.58  3.16  6.00 10.32  8.49  7.24  5.00  3.83  2.25  53.122  53.832   1.306
  27.5% of CA within 1.0A,  14.7% within 0.5A and  19.0% incorrect CA

   296 residues left after pruning, divided into chains as follows:
 A:  45   B:  20   C:  23   D:  19   E:   9   F:  10   G:  18   H:   7   I:   7
 J:   9   K:  30   L:   7   M:   8   N:   8   O:  55   P:   8   Q:  13

  85.2% starting CA preserved within 1.0A,  81.4% / 0.7A and  78.3% / 0.5A

 CC for partial structure against native data =  16.23 %
 <cos> 0.256 / 0.278  <fom> 0.478 / 0.769  MPE  71.0 / 65.0  wMPE 64.7 / 61.3
 <cos> 0.279 / 0.276  <fom> 0.648 / 0.792  MPE  69.3 / 65.2  wMPE 64.0 / 60.2

 ------------------------------------------------------------------------------

 Global autotracing cycle   2

 <cos> 0.279 / 0.276  <fom> 0.648 / 0.792  MPE  69.3 / 65.2  wMPE 64.0 / 60.2
 <wt> = 0.592 for fragment phases
 <cos> 0.280 / 0.280  <fom> 0.300 / 0.356  MPE  69.2 / 64.8  wMPE 64.0 / 60.1
 <wt> = 0.274, Contrast = 0.493, Connect. = 0.635 for dens.mod. cycle 1
 <cos> 0.284 / 0.292  <fom> 0.300 / 0.385  MPE  68.9 / 63.7  wMPE 63.2 / 57.1
 <wt> = 0.274, Contrast = 0.507, Connect. = 0.632 for dens.mod. cycle 2
 <cos> 0.287 / 0.287  <fom> 0.300 / 0.418  MPE  68.7 / 64.2  wMPE 62.4 / 54.9
 <wt> = 0.274, Contrast = 0.563, Connect. = 0.666 for dens.mod. cycle 3
 <cos> 0.290 / 0.285  <fom> 0.300 / 0.445  MPE  68.5 / 64.4  wMPE 61.6 / 53.8
 <wt> = 0.274, Contrast = 0.593, Connect. = 0.685 for dens.mod. cycle 4
 <cos> 0.294 / 0.294  <fom> 0.300 / 0.464  MPE  68.2 / 63.5  wMPE 61.0 / 53.3
 <wt> = 0.274, Contrast = 0.616, Connect. = 0.698 for dens.mod. cycle 5
 <cos> 0.298 / 0.297  <fom> 0.300 / 0.477  MPE  67.9 / 63.3  wMPE 60.4 / 53.2
 <wt> = 0.274, Contrast = 0.631, Connect. = 0.707 for dens.mod. cycle 6
 <cos> 0.302 / 0.299  <fom> 0.300 / 0.484  MPE  67.6 / 63.1  wMPE 59.9 / 53.2
 <wt> = 0.274, Contrast = 0.645, Connect. = 0.714 for dens.mod. cycle 7
 <cos> 0.305 / 0.301  <fom> 0.300 / 0.489  MPE  67.3 / 62.9  wMPE 59.5 / 53.2
 <wt> = 0.274, Contrast = 0.655, Connect. = 0.721 for dens.mod. cycle 8
 <cos> 0.309 / 0.297  <fom> 0.300 / 0.492  MPE  67.1 / 63.2  wMPE 59.1 / 53.4
 <wt> = 0.274, Contrast = 0.664, Connect. = 0.726 for dens.mod. cycle 9
 <cos> 0.312 / 0.301  <fom> 0.300 / 0.493  MPE  66.8 / 62.9  wMPE 58.8 / 53.4
 <wt> = 0.274, Contrast = 0.672, Connect. = 0.731 for dens.mod. cycle 10

 Shift from model in .ent:  dx= 0.000  dy= 0.000  dz= 0.025

 Estimated mean FOM and mapCC as a function of resolution
 d    inf - 4.58 - 3.62 - 3.15 - 2.87 - 2.66 - 2.50 - 2.37 - 2.27 - 2.18 - 2.10
 <FOM>   0.478  0.548  0.485  0.424  0.385  0.355  0.328  0.301  0.264  0.261
 <mapCC> 0.673  0.774  0.702  0.627  0.582  0.545  0.512  0.491  0.467  0.457
 N        5117   5157   5230   4956   5189   5180   5332   4969   5268   4739

 Estimated mean FOM = 0.384   Pseudo-free CC = 44.08 %

 Best trace (cycle   1 with CC 16.23%) was saved as 4.pdb

 ==============================================================================

       CPU times required in seconds
       -----------------------------
         4.8 - Setup, data input and phasing
         7.4 - FFTs and peak-searches
        11.1 - Sphere of influence
         0.3 - Rest of density modification
      1053.5 - Alpha-helix search
       565.8 - Tripeptide search
       132.9 - Chain tracing
         0.0 - NCS analysis
        20.9 - B-value refinement for trace
         0.2 - Rest of tracing
         7.1 - Comparison with known structure


 ++++++++++++++++++++++++++++++++++++++++++++++++++++++++++++++++++++
 +  SHELXE finished at 18:57:03      Total time:      1804.29 secs  +
 ++++++++++++++++++++++++++++++++++++++++++++++++++++++++++++++++++++
