
 ++++++++++++++++++++++++++++++++++++++++++++++++++++++++++++++++++++
 +  SHELXE  -  PHASING AND DENSITY MODIFICATION  -  Version 2016/1  +
 +  Copyright (c)  George M. Sheldrick 2001-16                      +
 +  Started at 17:57:44 on 21 Apr 2016                              +
 ++++++++++++++++++++++++++++++++++++++++++++++++++++++++++++++++++++

 Please cite: G.M. Sheldrick (2010), "Experimental phasing with
 SHELXC/D/E: combining chain tracing with density modification",
 Acta Cryst. D66, 479-485 (Open Access) if SHELXE proves useful.

 Command line parameters:
  7.pda -m10 -a1 -s0.6 -v0 -u2999 -t10 -q -y2.10 -x

 Cell and symmetry from: 7.pda
 Phases calculated using atoms from: 7.pda
 Native data from: 7.hkl
 Listing output to 7.lst
 Phases output to 7.phs
 Poly-Ala trace output to 7.pdb

 Summary of parameters to be employed:

 -a     1  iterations autotracing
 -b   5.0  extra B for revised heavy atom sites
 -c 0.400  fraction of pixels in crossover region
 -d 0.000  high resolution limit to be applied to input data
 -e unset  fill in missing data up to maximum resolution + 0.2 Ang.
 -f unset  read intensity not F from native .hkl file
 -F 0.800  fractional weight for phases from previous global cycle
 -g 1.100  solvent gamma flipping factor
 -i unset  no structure inversion
 -k   4.5  minimum height/sigma for revised heavy atom sites
 -l     2  space for  2000000 reflections
 -L     6  minimum number of residues per chain (if more than 3 chains)
 -m    10  cycles of density modification
 -G 0.700  FOM threshold for initial tripeptides and chain extension
 -n unset  do not apply NCS in autotracing
 -o unset  do not optimize input fragment by omitting residues
 -q unset  no alpha-helix search
 -r  3.00  map resolution (multiplies maximum indices)
 -s 0.600  solvent fraction
 -t 10.00  time factor for peptide searches (increase if difficult)
 -u  2999  MB allocatable memory for fragment optimization
 -U  0.00  abort if less than this % of fragment CA retained within 0.7A
 -v 0.000  density sharpening factor
 -w 0.200  weight for experimental phases after cycle 1
 -x     2  read name.ent, generate phase and trace diagnostics
 -y  2.10  highest resolution in Ang. for starting phases from model
 -z unset  do not optimize heavy atoms

 Space group: P 63   Allowed origin shift code:  8

    51150 Reflections read from file 7.hkl

    51137 Unique data, highest resolution =  2.100 Angstroms

 Anisotropic scaling: intensities multiplied by
 -0.000092h^2 -0.000092k^2 +0.001691l^2 +0.000000kl +0.000000hl -0.000092hk

     6 Reflections with d > 2.300 and      0 in range  2.300 > d > 2.300 added

  2780 Atoms read from PDB format file 7.ent

 Fourier grid =   256 x  256 x   40     0.000 <= z <= 0.500

    92 Point spherical net set up with radius 2.42A
    24 Extra Fourier layers will be generated

 <|E^2-1|> = 0.763

  1050 Atoms read from PDB format file 7.pda

     0 NCS groups defined in .pda input file

 Overall CC between native Eobs and Ecalc (from fragment) =  8.80%

 Statistics for fragment phases:
 <cos> 0.155 / 0.186  <fom> 0.310 / 0.622  MPE  78.5 / 73.2  wMPE 72.9 / 68.4
 Starting from fragment phases truncated to  2.100A

 <cos> 0.161 / 0.186  <fom> 0.339 / 0.622  MPE  78.0 / 73.2  wMPE 72.9 / 68.4
 <wt> = 0.310 for fragment phases
 <cos> 0.164 / 0.192  <fom> 0.299 / 0.517  MPE  77.8 / 72.7  wMPE 72.8 / 68.1
 <wt> = 0.273, Contrast = 0.379, Connect. = 0.599 for dens.mod. cycle 1
 <cos> 0.166 / 0.196  <fom> 0.299 / 0.523  MPE  77.7 / 72.3  wMPE 72.5 / 67.2
 <wt> = 0.273, Contrast = 0.398, Connect. = 0.579 for dens.mod. cycle 2
 <cos> 0.168 / 0.198  <fom> 0.300 / 0.528  MPE  77.5 / 72.1  wMPE 72.3 / 66.8
 <wt> = 0.274, Contrast = 0.429, Connect. = 0.594 for dens.mod. cycle 3
 <cos> 0.170 / 0.201  <fom> 0.300 / 0.535  MPE  77.4 / 71.9  wMPE 72.1 / 66.6
 <wt> = 0.274, Contrast = 0.453, Connect. = 0.608 for dens.mod. cycle 4
 <cos> 0.172 / 0.201  <fom> 0.300 / 0.540  MPE  77.2 / 71.9  wMPE 71.9 / 66.6
 <wt> = 0.274, Contrast = 0.472, Connect. = 0.620 for dens.mod. cycle 5
 <cos> 0.174 / 0.203  <fom> 0.300 / 0.546  MPE  77.1 / 71.7  wMPE 71.7 / 66.7
 <wt> = 0.274, Contrast = 0.488, Connect. = 0.631 for dens.mod. cycle 6
 <cos> 0.176 / 0.203  <fom> 0.300 / 0.551  MPE  76.9 / 71.7  wMPE 71.5 / 66.7
 <wt> = 0.274, Contrast = 0.501, Connect. = 0.642 for dens.mod. cycle 7
 <cos> 0.178 / 0.204  <fom> 0.300 / 0.555  MPE  76.8 / 71.6  wMPE 71.3 / 66.8
 <wt> = 0.274, Contrast = 0.512, Connect. = 0.652 for dens.mod. cycle 8
 <cos> 0.180 / 0.206  <fom> 0.300 / 0.558  MPE  76.6 / 71.4  wMPE 71.1 / 67.0
 <wt> = 0.274, Contrast = 0.522, Connect. = 0.660 for dens.mod. cycle 9
 <cos> 0.182 / 0.204  <fom> 0.300 / 0.558  MPE  76.5 / 71.6  wMPE 71.0 / 67.2
 <wt> = 0.274, Contrast = 0.531, Connect. = 0.667 for dens.mod. cycle 10

 Shift from model in .ent:  dx= 0.000  dy= 0.000  dz= 0.001

 NOGO map generated for regions about rotation axes (if any)

  4900 peaks > 0.5 sigma used to seed fragment search

   501 potential (overlapping) alpha-helix fragments found

   #(CA)   CFOM   DenFit  NH...O  SecStr  Rama98  Rama80  DenMin (?=rej.)
 A:   23  47.287   3.010   0.494   0.558   0.864   0.773  CB 2.454
  0.00 18.28 17.20 13.98 18.28  6.45  6.45  2.15  1.08  16.129   4.169   0.567
 B:   42  72.903   2.865   0.679   0.645   0.902   0.610  CB 2.291
  0.59  7.69  6.51 20.12  9.47  8.88  7.69  3.55  1.78  33.728   7.575   0.963
 C:   17  36.274   2.724   0.636   0.525   0.875   0.688  CB 2.270
  0.00  0.00  7.25  2.90  5.80  4.35  2.90  7.25 13.04  56.522   3.093   1.346
 D:   14  29.301   2.527   0.530   0.675   0.923   0.538  CB 1.939
  1.75  3.51  8.77 12.28  7.02  3.51  0.00  3.51  7.02  52.632   2.555   1.369
 E:   23  15.980   2.435   0.129   0.328   0.818   0.455  CB 1.830
  0.00  0.00  0.00  2.15  2.15  5.38  2.15  2.15  4.30  81.720   4.169   1.915
 F:   11  17.705   2.495   0.041   0.677   0.900   0.600  CB 2.034
  0.00  0.00 15.56 31.11  6.67  2.22  0.00  2.22  2.22  40.000   2.017   1.076
 G:   10  15.864   2.402  -0.028   0.707   1.000   0.556  CB 1.877
  0.00  0.00  0.00  0.00  0.00  0.00  2.44  4.88  0.00  92.683   1.838   2.227
 H:   61  58.987   2.609   0.581   0.551   0.867   0.667  CB 2.028
  0.82  3.67  8.57  9.80 10.61  8.57  5.31  5.31  1.63  45.714  10.982   1.181
    64 residues pruned to eliminate duplicates
 I:   17  16.634   2.158   0.222   0.568   1.000   0.625  CB 1.475
  0.00  0.00  1.45  1.45  0.00  0.00  0.00  0.00  0.00  97.101   3.093   2.275
 J:    9  15.557   2.280   0.537   0.588   0.875   0.750  CB 1.649
  0.00  0.00  0.00  0.00  0.00  2.70  0.00  5.41  0.00  91.892   1.658   2.124
 K:   11  14.067   2.171   0.360   0.583   0.900   0.700  CB 1.546
  0.00  0.00  0.00  0.00  0.00  0.00  0.00  0.00  2.22  97.778   2.017   2.132
 L:   10  11.563   1.896   0.518   0.581   0.889   0.556  CB 1.394
  0.00  0.00  0.00  0.00  0.00  0.00  0.00  0.00  0.00 100.000   1.838   2.500
 M:   15   7.755   1.913   0.067   0.402   0.857   0.643  CB 1.313
  0.00  0.00  1.64  0.00  0.00  3.28  3.28  3.28  1.64  86.885   2.734   1.774
 N:   40  31.073   2.396   0.148   0.601   0.846   0.769  CB 1.941
  2.48 11.18 25.47 13.66 10.56  8.70  3.11  1.24  4.35  19.255   7.216   0.635
    40 residues pruned to eliminate duplicates
 O:    9   2.864   1.311   0.035   0.686   0.875   0.750  O 0.719
  0.00  0.00  0.00  0.00  0.00  0.00  0.00  2.70  0.00  97.297   1.658   2.028
 P:    7   2.471   1.143   0.433   0.750   0.833   0.833  O 0.591
  0.00  0.00  0.00  0.00  0.00  0.00  0.00  0.00  0.00 100.000   1.300   2.397
       7   1.871   1.207  -0.416   0.735   1.000   0.667  CA 0.877 ?
  0.00  0.00  0.00  0.00  0.00  0.00  0.00  0.00  0.00 100.000   1.300   2.380
       7   1.723   1.128   0.121   0.725   0.833   0.667  CB 0.545 ?
  0.00  0.00  0.00  0.00  0.00  0.00  0.00  0.00  0.00 100.000   1.300   2.474
       7   0.689   0.875  -0.348   0.747   0.833   0.833  N 0.474 ?
  0.00  0.00  3.45  0.00  3.45  3.45  0.00  0.00  0.00  89.655   1.300   2.008
 Q:    7   4.634   1.208   0.187   0.897   1.000   0.833  CA 0.944
  0.00  0.00  0.00  0.00  0.00  0.00  0.00  0.00  3.45  96.552   1.300   2.276
 R:    6   4.166   1.206   0.511   0.900   1.000   1.000  N 0.730
  0.00  0.00  0.00  0.00  0.00  0.00  4.00  0.00  0.00  96.000   1.121   2.131
 S:   29  20.294   2.275   0.079   0.622   0.821   0.643  CB 1.695
  5.13 15.38 15.38  9.40 10.26  7.69  5.98  5.13  3.42  22.222   5.244   0.650
    29 residues pruned to eliminate duplicates

   180 potential tripeptides employed

   #(CA)   CFOM   DenFit  NH...O  SecStr  Rama98  Rama80  DenMin (?=rej.)
 T:   11   5.884   2.333  -0.089   0.305   0.600   0.300  CB 1.813
  0.00  0.00  0.00  0.00  0.00  0.00  2.22  2.22  4.44  91.111   2.017   1.994
 U:   10   5.849   2.363  -0.409   0.387   0.889   0.222  CB 1.771
  0.00  0.00  0.00  0.00  0.00  0.00  0.00  2.44  0.00  97.561   1.838   2.235
 V:   45  55.811   2.709   0.559   0.574   0.841   0.545  CB 2.206
  0.00  4.42  8.84  9.39 13.81  8.84  6.08  6.08  3.31  39.227   8.113   0.984
    45 residues pruned to eliminate duplicates
 W:   10  15.338   2.128   0.348   0.702   0.889   0.667  CB 1.669
  0.00  0.00  0.00  0.00  0.00  0.00  0.00  0.00  0.00 100.000   1.838   2.500
 X:   25  14.986   2.172   0.197   0.373   0.792   0.458  CB 1.702
  0.00  0.00  0.00  0.00  0.99  0.00  0.99  0.99  0.99  96.040   4.527   2.178
    10 residues pruned to eliminate duplicates
 Y:   41  63.001   2.748   0.678   0.583   0.900   0.700  CB 2.216
  0.61  3.03 15.15 10.30 12.12  9.09  6.67  5.45  4.24  33.333   7.396   0.918
    41 residues pruned to eliminate duplicates
 Z:   13   9.954   1.886   0.270   0.542   0.833   0.583  CB 1.382
  0.00  0.00  1.89  0.00  1.89  0.00  0.00  1.89  0.00  94.340   2.376   2.184
    13 residues pruned to eliminate duplicates
 Z:   13  37.117   2.531   0.739   0.593   1.000   0.667  CB 2.229
  0.00  0.00  1.89  9.43  9.43  5.66  5.66 13.21  9.43  45.283   2.376   1.095
    14 residues pruned to eliminate duplicates
 Z:   32  40.976   2.525   0.810   0.454   0.871   0.613  CB 1.939
  0.00  8.53 17.83 13.18  6.20  6.20  2.33  0.78  1.55  43.411   5.782   1.154
    32 residues pruned to eliminate duplicates
 Z:   12   3.626   1.942  -0.464   0.530   0.818   0.455  CB 1.245
  0.00  0.00  0.00  0.00  0.00  0.00  0.00  0.00  0.00 100.000   2.196   2.239
 Z:   28  33.684   2.491   0.798   0.520   0.778   0.667  CB 1.825
  2.65 13.27 22.12 11.50  8.85  3.54  3.54  1.77  1.77  30.973   5.065   0.829
    28 residues pruned to eliminate duplicates
 Z:    8   2.367   1.047   0.835   0.301   0.714   0.429  O 0.814
  0.00  0.00  0.00  0.00  0.00  0.00  0.00  0.00  0.00 100.000   1.479   2.229
 Z:   20   8.829   1.980   0.273   0.276   0.789   0.316  CB 1.311
  0.00  2.47  3.70  4.94  0.00  1.23  1.23  3.70  2.47  80.247   3.631   1.880
    20 residues pruned to eliminate duplicates
       6   1.662   1.019   0.106   0.432   0.800   0.200  C 0.885 ?
  0.00  0.00  0.00  0.00  0.00  0.00  0.00  0.00  0.00 100.000   1.121   2.458
 Z:    6   3.669   1.272   0.298   0.315   1.000   0.600  O 1.219
  0.00  0.00  0.00  0.00  0.00  0.00  0.00  4.00  4.00  92.000   1.121   2.035
 Z:   29  21.622   2.434   0.324   0.374   0.786   0.464  CB 1.846
  0.85  1.71  5.13  5.98  5.98 10.26  5.98  7.69  1.71  54.701   5.244   1.328
    29 residues pruned to eliminate duplicates
 Z:    7   2.862   1.520   0.311   0.432   0.833   0.500  CB 0.755
  0.00  0.00  0.00  0.00  0.00  0.00  0.00  0.00  0.00 100.000   1.300   2.337
       6   1.787   1.310   0.798   0.268   0.400   0.200  CB 1.105 ?
  0.00  0.00  0.00  0.00  0.00  0.00  0.00  0.00  0.00 100.000   1.121   2.035
 Z:    6   3.560   1.212   0.539   0.540   0.800   0.600  C 1.026
  0.00  0.00  0.00  0.00  0.00  0.00  4.00  0.00  0.00  96.000   1.121   2.243
 Z:    9   2.815   1.643   0.528   0.233   0.750   0.625  CB 0.722
  0.00  0.00  0.00  0.00  0.00  0.00  0.00  0.00  0.00 100.000   1.658   2.217

   0 Splices to join chains,  0 cis peptide(s) found

 Global chain diagnostics:
  0.11  3.47  5.26  6.94  5.48  4.47  3.02  2.68  1.79  66.779  40.072   1.610
  14.4% of CA within 1.0A,   8.5% within 0.5A and  20.2% incorrect CA

   220 residues left after pruning, divided into chains as follows:
 A:  14   B:  15   C:  11   D:  10   E:  15   F:  11   G:   9   H:  12   I:  10
 J:  21   K:  55   L:  23   M:   8   N:   6

  78.1% starting CA preserved within 1.0A,  75.9% / 0.7A and  70.2% / 0.5A

 CC for partial structure against native data =  12.04 %
 <cos> 0.152 / 0.160  <fom> 0.430 / 0.735  MPE  78.8 / 75.6  wMPE 74.4 / 72.3
 <cos> 0.176 / 0.175  <fom> 0.607 / 0.775  MPE  77.0 / 74.2  wMPE 73.0 / 70.7

 ------------------------------------------------------------------------------

 Global autotracing cycle   2

 <cos> 0.176 / 0.175  <fom> 0.607 / 0.775  MPE  77.0 / 74.2  wMPE 73.0 / 70.7
 <wt> = 0.555 for fragment phases
 <cos> 0.177 / 0.177  <fom> 0.300 / 0.371  MPE  76.9 / 74.0  wMPE 73.0 / 70.4
 <wt> = 0.274, Contrast = 0.481, Connect. = 0.620 for dens.mod. cycle 1
 <cos> 0.179 / 0.185  <fom> 0.300 / 0.398  MPE  76.8 / 73.4  wMPE 72.5 / 68.1
 <wt> = 0.274, Contrast = 0.492, Connect. = 0.615 for dens.mod. cycle 2
 <cos> 0.181 / 0.186  <fom> 0.300 / 0.428  MPE  76.6 / 73.2  wMPE 72.1 / 66.7
 <wt> = 0.274, Contrast = 0.533, Connect. = 0.642 for dens.mod. cycle 3
 <cos> 0.183 / 0.191  <fom> 0.300 / 0.454  MPE  76.5 / 72.8  wMPE 71.8 / 66.2
 <wt> = 0.274, Contrast = 0.556, Connect. = 0.658 for dens.mod. cycle 4
 <cos> 0.184 / 0.190  <fom> 0.300 / 0.476  MPE  76.4 / 72.9  wMPE 71.5 / 66.1
 <wt> = 0.274, Contrast = 0.572, Connect. = 0.670 for dens.mod. cycle 5
 <cos> 0.186 / 0.191  <fom> 0.300 / 0.493  MPE  76.3 / 72.8  wMPE 71.2 / 66.2
 <wt> = 0.274, Contrast = 0.584, Connect. = 0.680 for dens.mod. cycle 6
 <cos> 0.187 / 0.185  <fom> 0.300 / 0.506  MPE  76.2 / 73.3  wMPE 71.0 / 66.3
 <wt> = 0.274, Contrast = 0.591, Connect. = 0.687 for dens.mod. cycle 7
 <cos> 0.188 / 0.194  <fom> 0.300 / 0.513  MPE  76.1 / 72.6  wMPE 70.8 / 66.5
 <wt> = 0.274, Contrast = 0.596, Connect. = 0.694 for dens.mod. cycle 8
 <cos> 0.189 / 0.188  <fom> 0.300 / 0.518  MPE  76.0 / 73.1  wMPE 70.6 / 66.8
 <wt> = 0.274, Contrast = 0.601, Connect. = 0.700 for dens.mod. cycle 9
 <cos> 0.191 / 0.190  <fom> 0.300 / 0.520  MPE  75.9 / 72.9  wMPE 70.5 / 67.2
 <wt> = 0.274, Contrast = 0.604, Connect. = 0.705 for dens.mod. cycle 10

 Shift from model in .ent:  dx= 0.000  dy= 0.000  dz= 0.001

 Estimated mean FOM and mapCC as a function of resolution
 d    inf - 4.58 - 3.62 - 3.15 - 2.87 - 2.66 - 2.50 - 2.37 - 2.27 - 2.18 - 2.10
 <FOM>   0.454  0.460  0.402  0.378  0.363  0.340  0.299  0.266  0.239  0.230
 <mapCC> 0.657  0.676  0.579  0.545  0.547  0.516  0.460  0.434  0.423  0.398
 N        5117   5157   5230   4956   5189   5180   5332   4969   5268   4739

 Estimated mean FOM = 0.344   Pseudo-free CC = 39.80 %

 Best trace (cycle   1 with CC 12.04%) was saved as 7.pdb

 ==============================================================================

       CPU times required in seconds
       -----------------------------
         4.3 - Setup, data input and phasing
         7.0 - FFTs and peak-searches
         9.3 - Sphere of influence
         0.3 - Rest of density modification
       901.1 - Alpha-helix search
       495.2 - Tripeptide search
       152.5 - Chain tracing
         0.0 - NCS analysis
        15.4 - B-value refinement for trace
         0.2 - Rest of tracing
         7.1 - Comparison with known structure


 ++++++++++++++++++++++++++++++++++++++++++++++++++++++++++++++++++++
 +  SHELXE finished at 18:25:07      Total time:      1592.61 secs  +
 ++++++++++++++++++++++++++++++++++++++++++++++++++++++++++++++++++++
