
 ++++++++++++++++++++++++++++++++++++++++++++++++++++++++++++++++++++
 +  SHELXE  -  PHASING AND DENSITY MODIFICATION  -  Version 2016/1  +
 +  Copyright (c)  George M. Sheldrick 2001-16                      +
 +  Started at 18:26:15 on 21 Apr 2016                              +
 ++++++++++++++++++++++++++++++++++++++++++++++++++++++++++++++++++++

 Please cite: G.M. Sheldrick (2010), "Experimental phasing with
 SHELXC/D/E: combining chain tracing with density modification",
 Acta Cryst. D66, 479-485 (Open Access) if SHELXE proves useful.

 Command line parameters:
  5.pda -m10 -a1 -s0.6 -v0 -u2999 -t10 -q -y2.10 -x

 Cell and symmetry from: 5.pda
 Phases calculated using atoms from: 5.pda
 Native data from: 5.hkl
 Listing output to 5.lst
 Phases output to 5.phs
 Poly-Ala trace output to 5.pdb

 Summary of parameters to be employed:

 -a     1  iterations autotracing
 -b   5.0  extra B for revised heavy atom sites
 -c 0.400  fraction of pixels in crossover region
 -d 0.000  high resolution limit to be applied to input data
 -e unset  fill in missing data up to maximum resolution + 0.2 Ang.
 -f unset  read intensity not F from native .hkl file
 -F 0.800  fractional weight for phases from previous global cycle
 -g 1.100  solvent gamma flipping factor
 -i unset  no structure inversion
 -k   4.5  minimum height/sigma for revised heavy atom sites
 -l     2  space for  2000000 reflections
 -L     6  minimum number of residues per chain (if more than 3 chains)
 -m    10  cycles of density modification
 -G 0.700  FOM threshold for initial tripeptides and chain extension
 -n unset  do not apply NCS in autotracing
 -o unset  do not optimize input fragment by omitting residues
 -q unset  no alpha-helix search
 -r  3.00  map resolution (multiplies maximum indices)
 -s 0.600  solvent fraction
 -t 10.00  time factor for peptide searches (increase if difficult)
 -u  2999  MB allocatable memory for fragment optimization
 -U  0.00  abort if less than this % of fragment CA retained within 0.7A
 -v 0.000  density sharpening factor
 -w 0.200  weight for experimental phases after cycle 1
 -x     2  read name.ent, generate phase and trace diagnostics
 -y  2.10  highest resolution in Ang. for starting phases from model
 -z unset  do not optimize heavy atoms

 Space group: P 63   Allowed origin shift code:  8

    51150 Reflections read from file 5.hkl

    51137 Unique data, highest resolution =  2.100 Angstroms

 Anisotropic scaling: intensities multiplied by
 -0.000092h^2 -0.000092k^2 +0.001691l^2 +0.000000kl +0.000000hl -0.000092hk

     6 Reflections with d > 2.300 and      0 in range  2.300 > d > 2.300 added

  2780 Atoms read from PDB format file 5.ent

 Fourier grid =   256 x  256 x   40     0.000 <= z <= 0.500

    92 Point spherical net set up with radius 2.42A
    24 Extra Fourier layers will be generated

 <|E^2-1|> = 0.763

  1870 Atoms read from PDB format file 5.pda

     0 NCS groups defined in .pda input file

 Overall CC between native Eobs and Ecalc (from fragment) = 17.08%

 Statistics for fragment phases:
 <cos> 0.336 / 0.300  <fom> 0.405 / 0.704  MPE  65.0 / 63.0  wMPE 56.5 / 55.0
 Starting from fragment phases truncated to  2.100A

 <cos> 0.348 / 0.300  <fom> 0.443 / 0.704  MPE  64.1 / 63.0  wMPE 56.5 / 55.0
 <wt> = 0.405 for fragment phases
 <cos> 0.352 / 0.308  <fom> 0.300 / 0.449  MPE  63.8 / 62.3  wMPE 56.3 / 54.5
 <wt> = 0.274, Contrast = 0.368, Connect. = 0.623 for dens.mod. cycle 1
 <cos> 0.357 / 0.312  <fom> 0.300 / 0.459  MPE  63.4 / 62.0  wMPE 55.4 / 51.3
 <wt> = 0.274, Contrast = 0.386, Connect. = 0.611 for dens.mod. cycle 2
 <cos> 0.362 / 0.326  <fom> 0.300 / 0.472  MPE  63.0 / 60.7  wMPE 54.5 / 49.2
 <wt> = 0.274, Contrast = 0.429, Connect. = 0.635 for dens.mod. cycle 3
 <cos> 0.368 / 0.339  <fom> 0.300 / 0.483  MPE  62.6 / 59.5  wMPE 53.8 / 48.0
 <wt> = 0.274, Contrast = 0.462, Connect. = 0.653 for dens.mod. cycle 4
 <cos> 0.373 / 0.348  <fom> 0.300 / 0.490  MPE  62.2 / 58.7  wMPE 53.2 / 47.2
 <wt> = 0.274, Contrast = 0.490, Connect. = 0.667 for dens.mod. cycle 5
 <cos> 0.378 / 0.353  <fom> 0.300 / 0.495  MPE  61.8 / 58.2  wMPE 52.5 / 46.7
 <wt> = 0.274, Contrast = 0.512, Connect. = 0.678 for dens.mod. cycle 6
 <cos> 0.383 / 0.356  <fom> 0.300 / 0.498  MPE  61.4 / 58.0  wMPE 52.0 / 46.5
 <wt> = 0.274, Contrast = 0.535, Connect. = 0.689 for dens.mod. cycle 7
 <cos> 0.389 / 0.359  <fom> 0.300 / 0.498  MPE  61.0 / 57.7  wMPE 51.4 / 46.3
 <wt> = 0.274, Contrast = 0.558, Connect. = 0.698 for dens.mod. cycle 8
 <cos> 0.394 / 0.356  <fom> 0.300 / 0.496  MPE  60.6 / 58.0  wMPE 50.9 / 46.2
 <wt> = 0.274, Contrast = 0.579, Connect. = 0.708 for dens.mod. cycle 9
 <cos> 0.399 / 0.366  <fom> 0.300 / 0.494  MPE  60.2 / 57.1  wMPE 50.4 / 46.0
 <wt> = 0.274, Contrast = 0.600, Connect. = 0.716 for dens.mod. cycle 10

 Shift from model in .ent:  dx= 0.000  dy= 0.000  dz= 0.010

 NOGO map generated for regions about rotation axes (if any)

  4872 peaks > 0.5 sigma used to seed fragment search

   795 potential (overlapping) alpha-helix fragments found

   #(CA)   CFOM   DenFit  NH...O  SecStr  Rama98  Rama80  DenMin (?=rej.)
 A:   80  71.964   2.538   0.605   0.609   0.899   0.620  CB 1.994
  3.12 19.31 24.61 12.77  6.85  3.12  2.18  1.56  1.56  24.922  14.388   0.744
 B:   29  30.861   2.238   0.671   0.542   0.857   0.607  CB 1.746
  0.85 11.97  9.40 14.53 17.09  1.71  1.71  0.85  2.56  39.316   5.244   1.017
 C:   42  35.120   2.331   0.632   0.444   0.878   0.683  CB 1.740
  1.18  8.28 10.65 21.30  7.69  5.33  5.92  2.37  1.78  35.503   7.575   1.004
 D:   18  27.320   2.281   0.744   0.611   0.824   0.647  CB 1.820
  0.00  2.74 16.44 17.81 10.96  8.22  5.48  5.48  1.37  31.507   3.272   0.864
 E:   11  15.574   2.313   0.200   0.660   0.800   0.800  CA 1.911
  0.00  0.00 11.11  8.89  6.67  4.44  6.67  4.44  2.22  55.556   2.017   1.261
 F:   14  39.059   2.468   1.162   0.736   0.923   0.692  CB 1.780
  3.51 15.79 22.81 17.54 12.28  8.77  8.77  3.51  3.51   3.509   2.555   0.396
 G:   50  31.385   2.163   0.512   0.504   0.816   0.551  CB 1.672
  1.00  3.48  7.96 12.94  7.96  9.45  3.98  2.49  2.99  47.761   9.009   1.225
 H:   13  11.290   2.132   0.433   0.580   0.667   0.500  CB 1.482
  0.00  0.00  3.77  9.43  5.66  9.43 13.21  7.55  3.77  47.170   2.376   1.260
 I:   19  19.356   1.956   0.743   0.524   0.889   0.611  CB 1.471
  2.60  5.19 15.58 15.58 11.69  7.79  0.00  0.00  0.00  41.558   3.451   1.098
 J:   11  24.275   2.001   1.355   0.764   0.900   0.800  CB 1.432
  0.00  6.67  8.89 20.00  8.89 20.00 17.78  2.22  4.44  11.111   2.017   0.617
 K:    9  23.278   2.373   0.619   0.717   0.875   0.750  CB 2.011
  0.00  5.41  8.11 16.22 24.32  2.70  8.11  0.00  2.70  32.432   1.658   0.900
 L:   10   6.901   2.135  -0.129   0.717   0.778   0.667  CB 1.308
  0.00  4.88 19.51 14.63 26.83 17.07  0.00  2.44  0.00  14.634   1.838   0.598
 M:   13  12.448   1.895   0.348   0.549   0.917   0.750  CB 1.463
  0.00 13.21 20.75 16.98  7.55  1.89  0.00  3.77  0.00  35.849   2.376   0.899
 N:   14   8.492   1.983  -0.039   0.520   0.846   0.538  CB 1.432
  0.00  0.00  0.00  0.00 10.53 10.53 15.79  8.77  1.75  52.632   2.555   1.312
 O:    8   5.191   1.863   0.069   0.771   0.857   0.857  CB 0.905
  0.00  6.06  3.03  6.06 18.18  9.09  9.09  3.03  9.09  36.364   1.479   0.814
 P:    9  10.586   1.953   0.142   0.814   0.750   0.625  CB 1.703
  0.00  0.00  0.00  0.00  0.00  0.00  0.00  0.00  0.00 100.000   1.658   2.480
 Q:   28  28.951   2.045   0.790   0.619   0.852   0.741  CB 1.597
  4.42 19.47  9.73 10.62 15.93  3.54  2.65  2.65  2.65  28.319   5.065   0.867
     9 residues pruned to eliminate duplicates
 R:    7  10.262   1.885   0.030   0.915   1.000   1.000  CA 1.525
  0.00  0.00  0.00  0.00  0.00  0.00  0.00  0.00  0.00 100.000   1.300   2.500
 S:   17  23.665   2.058   0.976   0.752   0.875   0.750  CB 1.328
  0.00 24.64 21.74 17.39  7.25  5.80  5.80  5.80  7.25   4.348   3.093   0.414
     7 residues pruned to eliminate duplicates
 T:    9   8.921   1.964   0.053   0.594   0.875   0.625  CB 1.594
  0.00  0.00  0.00  0.00  2.70  0.00  0.00  8.11  2.70  86.486   1.658   1.978
 U:   16  12.369   1.729   0.519   0.597   0.867   0.467  CB 1.279
  0.00  1.54 18.46  7.69  1.54  6.15  4.62  1.54  7.69  50.769   2.913   1.256
 V:   11  25.968   2.078   1.086   0.847   0.900   0.800  CB 1.563
  4.44 17.78  8.89 22.22  4.44  0.00  2.22  2.22  2.22  35.556   2.017   0.825
 W:    8  12.658   1.595   0.729   0.777   1.000   0.857  CB 1.358
  0.00  0.00  0.00  0.00  0.00  0.00  0.00  0.00  3.03  96.970   1.479   1.916
 X:   16   8.714   1.748   0.302   0.435   0.800   0.600  CB 1.321
  0.00  0.00  1.54  4.62  7.69  6.15  7.69  7.69  7.69  56.923   2.913   1.377
 Y:    9   3.764   1.193   0.337   0.800   0.875   0.875  CB 0.733
  0.00  2.70  0.00  5.41  5.41  5.41  5.41  0.00  0.00  75.676   1.658   1.509
 Z:    8   3.588   1.098   0.581   0.775   1.000   0.857  CB 0.612
  0.00  3.03  3.03 12.12 15.15 18.18  6.06  0.00  6.06  36.364   1.479   0.906
 Z:    9   4.565   1.088   0.347   0.798   1.000   0.750  CB 0.849
  0.00  0.00  0.00  2.70  2.70 10.81  2.70 13.51 27.03  40.541   1.658   0.918

    68 potential tripeptides employed

   #(CA)   CFOM   DenFit  NH...O  SecStr  Rama98  Rama80  DenMin (?=rej.)
 Z:   20  12.926   2.276   0.354   0.440   0.632   0.421  CB 1.622
  0.00  4.94  8.64  7.41  6.17  2.47  3.70  3.70  0.00  62.963   3.631   1.589
    26 residues pruned to eliminate duplicates
 Z:    7   6.889   1.975   0.140   0.362   1.000   0.667  CB 1.450
  0.00  0.00  0.00  0.00  0.00  0.00  0.00  0.00  0.00 100.000   1.300   2.379
 Z:   18  30.821   2.266   0.980   0.611   0.941   0.529  CB 1.594
  2.74 20.55 17.81 12.33  8.22  6.85  2.74  4.11  2.74  21.918   3.272   0.752
    13 residues pruned to eliminate duplicates
 Z:    9   2.298   1.549   0.194   0.359   0.625   0.375  CB 0.818
  0.00  0.00  0.00  0.00  0.00  0.00  5.41  8.11  0.00  86.486   1.658   1.965
 Z:   15  28.482   2.177   0.873   0.716   0.857   0.786  CB 1.791
  0.00  4.92 36.07  8.20 11.48  4.92  3.28  0.00  3.28  27.869   2.734   0.747
    15 residues pruned to eliminate duplicates
 Z:   11   3.438   1.418   0.022   0.418   1.000   0.500  CB 0.817
  2.22  8.89 13.33 11.11 15.56  4.44  4.44  0.00  6.67  33.333   2.017   0.892
 Z:   16  26.072   2.108   0.779   0.742   0.933   0.800  CB 1.548
  1.54 12.31 20.00 15.38 10.77  6.15  1.54  1.54  4.62  26.154   2.913   0.742
    19 residues pruned to eliminate duplicates
 Z:   47  35.670   2.035   0.908   0.519   0.870   0.413  CB 1.529
  1.06  9.52 12.70 10.05 10.05  6.88  8.47  3.70  2.12  35.450   8.472   0.933
    61 residues pruned to eliminate duplicates
 Z:    7   3.182   1.394   0.481   0.244   1.000   0.500  CB 0.846
  0.00  0.00  0.00  0.00  0.00  0.00  3.45  0.00  0.00  96.552   1.300   2.356

   0 Splices to join chains,  0 cis peptide(s) found

 Global chain diagnostics:
  1.40  9.35 13.55 13.08  9.17  6.48  4.44  2.92  3.10  36.507  76.737   0.993
  51.2% of CA within 1.0A,  36.6% within 0.5A and  17.6% incorrect CA

   422 residues left after pruning, divided into chains as follows:
 A:  36   B:  18   C:  11   D:  46   E:  11   F:  18   G:  11   H:  10   I:  10
 J:  14   K:   9   L:  14   M:  10   N:   7   O:  16   P:  16   Q:   8   R:  10
 S:   8   T:   8   U:   9   V:  85   W:   7   X:  30

  83.6% starting CA preserved within 1.0A,  80.6% / 0.7A and  76.1% / 0.5A

 CC for partial structure against native data =  26.39 %
 <cos> 0.425 / 0.389  <fom> 0.578 / 0.824  MPE  58.2 / 55.0  wMPE 51.3 / 49.5
 <cos> 0.456 / 0.402  <fom> 0.735 / 0.826  MPE  55.9 / 53.8  wMPE 50.2 / 48.3

 ------------------------------------------------------------------------------

 Global autotracing cycle   2

 <cos> 0.456 / 0.402  <fom> 0.735 / 0.826  MPE  55.9 / 53.8  wMPE 50.2 / 48.3
 <wt> = 0.671 for fragment phases
 <cos> 0.458 / 0.403  <fom> 0.300 / 0.325  MPE  55.7 / 53.8  wMPE 50.1 / 47.3
 <wt> = 0.274, Contrast = 0.498, Connect. = 0.663 for dens.mod. cycle 1
 <cos> 0.464 / 0.415  <fom> 0.300 / 0.364  MPE  55.2 / 52.7  wMPE 48.3 / 41.7
 <wt> = 0.274, Contrast = 0.532, Connect. = 0.667 for dens.mod. cycle 2
 <cos> 0.472 / 0.421  <fom> 0.300 / 0.407  MPE  54.6 / 52.1  wMPE 46.7 / 38.8
 <wt> = 0.274, Contrast = 0.647, Connect. = 0.723 for dens.mod. cycle 3
 <cos> 0.480 / 0.430  <fom> 0.300 / 0.426  MPE  54.0 / 51.3  wMPE 45.3 / 37.7
 <wt> = 0.274, Contrast = 0.685, Connect. = 0.738 for dens.mod. cycle 4
 <cos> 0.487 / 0.445  <fom> 0.300 / 0.432  MPE  53.4 / 49.9  wMPE 44.3 / 37.7
 <wt> = 0.274, Contrast = 0.711, Connect. = 0.748 for dens.mod. cycle 5
 <cos> 0.493 / 0.439  <fom> 0.300 / 0.432  MPE  53.0 / 50.5  wMPE 43.7 / 37.8
 <wt> = 0.274, Contrast = 0.730, Connect. = 0.755 for dens.mod. cycle 6
 <cos> 0.496 / 0.439  <fom> 0.300 / 0.431  MPE  52.7 / 50.5  wMPE 43.3 / 37.9
 <wt> = 0.274, Contrast = 0.750, Connect. = 0.760 for dens.mod. cycle 7
 <cos> 0.499 / 0.443  <fom> 0.300 / 0.430  MPE  52.5 / 50.2  wMPE 43.2 / 38.2
 <wt> = 0.274, Contrast = 0.765, Connect. = 0.766 for dens.mod. cycle 8
 <cos> 0.501 / 0.463  <fom> 0.300 / 0.427  MPE  52.3 / 48.4  wMPE 43.1 / 38.1
 <wt> = 0.274, Contrast = 0.778, Connect. = 0.770 for dens.mod. cycle 9
 <cos> 0.501 / 0.451  <fom> 0.300 / 0.426  MPE  52.4 / 49.4  wMPE 43.2 / 38.6
 <wt> = 0.274, Contrast = 0.786, Connect. = 0.774 for dens.mod. cycle 10

 Shift from model in .ent:  dx= 0.000  dy= 0.000  dz= 0.010

 Estimated mean FOM and mapCC as a function of resolution
 d    inf - 4.58 - 3.62 - 3.15 - 2.87 - 2.66 - 2.50 - 2.37 - 2.27 - 2.18 - 2.10
 <FOM>   0.626  0.649  0.610  0.595  0.556  0.534  0.487  0.399  0.304  0.306
 <mapCC> 0.815  0.859  0.827  0.828  0.813  0.799  0.768  0.682  0.560  0.532
 N        5117   5157   5230   4956   5189   5180   5332   4969   5268   4739

 Estimated mean FOM = 0.508   Pseudo-free CC = 56.78 %

 Best trace (cycle   1 with CC 26.39%) was saved as 5.pdb

 ==============================================================================

       CPU times required in seconds
       -----------------------------
         6.6 - Setup, data input and phasing
         7.6 - FFTs and peak-searches
        11.9 - Sphere of influence
         0.4 - Rest of density modification
      1040.5 - Alpha-helix search
       474.8 - Tripeptide search
       114.2 - Chain tracing
         0.0 - NCS analysis
        38.7 - B-value refinement for trace
         0.5 - Rest of tracing
         7.2 - Comparison with known structure


 ++++++++++++++++++++++++++++++++++++++++++++++++++++++++++++++++++++
 +  SHELXE finished at 18:55:19      Total time:      1702.53 secs  +
 ++++++++++++++++++++++++++++++++++++++++++++++++++++++++++++++++++++
