
 ++++++++++++++++++++++++++++++++++++++++++++++++++++++++++++++++++++
 +  SHELXE  -  PHASING AND DENSITY MODIFICATION  -  Version 2016/1  +
 +  Copyright (c)  George M. Sheldrick 2001-16                      +
 +  Started at 18:26:15 on 21 Apr 2016                              +
 ++++++++++++++++++++++++++++++++++++++++++++++++++++++++++++++++++++

 Please cite: G.M. Sheldrick (2010), "Experimental phasing with
 SHELXC/D/E: combining chain tracing with density modification",
 Acta Cryst. D66, 479-485 (Open Access) if SHELXE proves useful.

 Command line parameters:
  2.pda -m10 -a1 -s0.6 -v0 -u2999 -t10 -q -y2.10 -x

 Cell and symmetry from: 2.pda
 Phases calculated using atoms from: 2.pda
 Native data from: 2.hkl
 Listing output to 2.lst
 Phases output to 2.phs
 Poly-Ala trace output to 2.pdb

 Summary of parameters to be employed:

 -a     1  iterations autotracing
 -b   5.0  extra B for revised heavy atom sites
 -c 0.400  fraction of pixels in crossover region
 -d 0.000  high resolution limit to be applied to input data
 -e unset  fill in missing data up to maximum resolution + 0.2 Ang.
 -f unset  read intensity not F from native .hkl file
 -F 0.800  fractional weight for phases from previous global cycle
 -g 1.100  solvent gamma flipping factor
 -i unset  no structure inversion
 -k   4.5  minimum height/sigma for revised heavy atom sites
 -l     2  space for  2000000 reflections
 -L     6  minimum number of residues per chain (if more than 3 chains)
 -m    10  cycles of density modification
 -G 0.700  FOM threshold for initial tripeptides and chain extension
 -n unset  do not apply NCS in autotracing
 -o unset  do not optimize input fragment by omitting residues
 -q unset  no alpha-helix search
 -r  3.00  map resolution (multiplies maximum indices)
 -s 0.600  solvent fraction
 -t 10.00  time factor for peptide searches (increase if difficult)
 -u  2999  MB allocatable memory for fragment optimization
 -U  0.00  abort if less than this % of fragment CA retained within 0.7A
 -v 0.000  density sharpening factor
 -w 0.200  weight for experimental phases after cycle 1
 -x     2  read name.ent, generate phase and trace diagnostics
 -y  2.10  highest resolution in Ang. for starting phases from model
 -z unset  do not optimize heavy atoms

 Space group: P 63   Allowed origin shift code:  8

    51150 Reflections read from file 2.hkl

    51137 Unique data, highest resolution =  2.100 Angstroms

 Anisotropic scaling: intensities multiplied by
 -0.000092h^2 -0.000092k^2 +0.001691l^2 +0.000000kl +0.000000hl -0.000092hk

     6 Reflections with d > 2.300 and      0 in range  2.300 > d > 2.300 added

  2780 Atoms read from PDB format file 2.ent

 Fourier grid =   256 x  256 x   40     0.000 <= z <= 0.500

    92 Point spherical net set up with radius 2.42A
    24 Extra Fourier layers will be generated

 <|E^2-1|> = 0.763

  1040 Atoms read from PDB format file 2.pda

     0 NCS groups defined in .pda input file

 Overall CC between native Eobs and Ecalc (from fragment) =  6.19%

 Statistics for fragment phases:
 <cos> 0.079 / 0.079  <fom> 0.274 / 0.589  MPE  84.2 / 82.9  wMPE 81.0 / 79.6
 Starting from fragment phases truncated to  2.100A

 <cos> 0.082 / 0.079  <fom> 0.300 / 0.589  MPE  84.0 / 82.9  wMPE 81.0 / 79.6
 <wt> = 0.274 for fragment phases
 <cos> 0.084 / 0.085  <fom> 0.284 / 0.525  MPE  83.8 / 82.4  wMPE 80.9 / 79.5
 <wt> = 0.259, Contrast = 0.355, Connect. = 0.603 for dens.mod. cycle 1
 <cos> 0.085 / 0.078  <fom> 0.289 / 0.530  MPE  83.8 / 83.0  wMPE 80.8 / 79.0
 <wt> = 0.264, Contrast = 0.377, Connect. = 0.586 for dens.mod. cycle 2
 <cos> 0.086 / 0.083  <fom> 0.293 / 0.535  MPE  83.7 / 82.6  wMPE 80.7 / 78.5
 <wt> = 0.267, Contrast = 0.405, Connect. = 0.599 for dens.mod. cycle 3
 <cos> 0.087 / 0.078  <fom> 0.296 / 0.540  MPE  83.6 / 83.0  wMPE 80.6 / 78.3
 <wt> = 0.270, Contrast = 0.427, Connect. = 0.611 for dens.mod. cycle 4
 <cos> 0.088 / 0.086  <fom> 0.298 / 0.543  MPE  83.5 / 82.3  wMPE 80.5 / 78.1
 <wt> = 0.272, Contrast = 0.444, Connect. = 0.621 for dens.mod. cycle 5
 <cos> 0.089 / 0.085  <fom> 0.299 / 0.545  MPE  83.5 / 82.3  wMPE 80.4 / 77.9
 <wt> = 0.273, Contrast = 0.457, Connect. = 0.630 for dens.mod. cycle 6
 <cos> 0.090 / 0.094  <fom> 0.299 / 0.548  MPE  83.4 / 81.6  wMPE 80.3 / 77.7
 <wt> = 0.273, Contrast = 0.469, Connect. = 0.640 for dens.mod. cycle 7
 <cos> 0.091 / 0.095  <fom> 0.299 / 0.551  MPE  83.3 / 81.4  wMPE 80.2 / 77.5
 <wt> = 0.273, Contrast = 0.479, Connect. = 0.649 for dens.mod. cycle 8
 <cos> 0.092 / 0.097  <fom> 0.300 / 0.552  MPE  83.3 / 81.2  wMPE 80.1 / 77.4
 <wt> = 0.274, Contrast = 0.487, Connect. = 0.656 for dens.mod. cycle 9
 <cos> 0.092 / 0.097  <fom> 0.300 / 0.550  MPE  83.2 / 81.3  wMPE 80.0 / 77.3
 <wt> = 0.274, Contrast = 0.495, Connect. = 0.664 for dens.mod. cycle 10

 Shift from model in .ent:  dx= 0.000  dy= 0.000  dz= 0.038

 NOGO map generated for regions about rotation axes (if any)

  4877 peaks > 0.5 sigma used to seed fragment search

   456 potential (overlapping) alpha-helix fragments found

   #(CA)   CFOM   DenFit  NH...O  SecStr  Rama98  Rama80  DenMin (?=rej.)
 A:   58  59.013   2.804   0.498   0.541   0.807   0.474  CB 2.216
  0.86  3.86  9.01  8.58 12.88  8.58  4.72  3.86  3.00  44.635  10.444   1.197
 B:   10  17.916   2.876   0.135   0.632   0.778   0.556  CB 2.078
  0.00  0.00 12.20 39.02 12.20  2.44  0.00  0.00  0.00  34.146   1.838   0.855
 C:   10  24.208   2.696   0.444   0.607   0.889   0.556  CB 2.108
  0.00  0.00  0.00  2.44  0.00  0.00  2.44  0.00  0.00  95.122   1.838   2.257
 D:   18  22.483   2.612   0.391   0.441   0.765   0.588  CB 2.086
  0.00  0.00  0.00  0.00  0.00  0.00  1.37  0.00  0.00  98.630   3.272   2.357
 E:   15  12.329   2.358   0.092   0.594   0.786   0.357  CB 1.490
  0.00  0.00  0.00  0.00  0.00  0.00  0.00  0.00  0.00 100.000   2.734   2.171
 F:   22  23.756   2.600   0.343   0.339   0.810   0.381  CB 2.187
  0.00  0.00  0.00  0.00  0.00  0.00  0.00  0.00  0.00 100.000   3.989   2.500
 G:    9  17.345   2.415   0.334   0.717   0.875   0.750  CB 1.788
  0.00  0.00  0.00  0.00  0.00  0.00  0.00  0.00  0.00 100.000   1.658   2.154
 H:    9  11.060   2.314  -0.024   0.661   0.750   0.750  CB 1.989
  0.00  0.00  2.70  0.00  0.00  0.00  0.00  0.00  0.00  97.297   1.658   2.333
 I:   14  16.647   2.399   0.448   0.535   0.846   0.615  CB 1.517
  0.00  0.00  0.00  0.00  0.00  0.00  1.75  0.00  0.00  98.246   2.555   2.150
 J:    9  15.404   2.307   0.197   0.649   0.875   0.875  CB 1.962
  0.00  0.00  0.00  0.00  2.70  0.00  0.00  0.00  0.00  97.297   1.658   2.239
 K:    7  21.280   2.268   0.588   0.742   1.000   0.833  CA 1.942
  0.00  0.00  0.00  0.00  0.00  0.00  0.00  0.00  0.00 100.000   1.300   2.500
 L:    7   2.141   0.934   0.210   0.879   1.000   1.000  CB 0.561
  0.00  0.00  0.00  0.00  0.00  3.45  0.00  0.00  0.00  96.552   1.300   2.066
 M:    7   2.114   1.290  -0.326   0.739   0.833   0.833  O 0.962
  0.00  0.00  0.00  0.00  0.00  0.00  3.45  0.00  0.00  96.552   1.300   2.220
 N:    8   6.896   1.590   0.286   0.773   1.000   0.857  CB 1.001
  0.00  0.00  0.00  0.00  0.00  0.00  0.00  0.00  0.00 100.000   1.479   2.334
 O:    9   2.175   1.140   0.125   0.703   0.750   0.750  CB 0.665
  0.00  0.00  0.00  0.00  0.00  0.00  0.00  0.00  0.00 100.000   1.658   2.030

   171 potential tripeptides employed

   #(CA)   CFOM   DenFit  NH...O  SecStr  Rama98  Rama80  DenMin (?=rej.)
 P:   19  14.690   2.781   0.001   0.266   0.722   0.333  CB 2.247
  0.00  0.00  0.00  0.00  0.00  0.00  2.60  1.30  1.30  94.805   3.451   1.961
     6 residues pruned to eliminate duplicates
 Q:    9   5.599   1.891   0.338   0.309   0.625   0.500  N 1.548
  0.00  0.00  0.00  2.70  0.00  0.00  2.70  5.41  0.00  89.189   1.658   2.016
 R:   24  19.103   2.343   0.268   0.467   0.826   0.522  CB 1.679
  0.00  0.00  0.00  1.03  0.00  0.00  1.03  0.00  0.00  97.938   4.348   2.125
    14 residues pruned to eliminate duplicates
 S:   14   8.762   2.212   0.523   0.370   0.615   0.462  CB 1.348
  0.00  0.00  0.00  0.00  1.75  0.00  0.00  0.00  1.75  96.491   2.555   2.169
    14 residues pruned to eliminate duplicates
 T:   19  14.619   2.228   0.268   0.385   0.889   0.444  CB 1.551
  0.00  0.00  0.00  0.00  0.00  0.00  1.30  1.30  1.30  96.104   3.451   2.188
     9 residues pruned to eliminate duplicates
 U:    9   7.132   1.689   0.548   0.339   0.875   0.375  CA 1.313
  0.00  0.00  0.00  0.00  2.70  0.00  0.00  0.00  0.00  97.297   1.658   2.333
     9 residues pruned to eliminate duplicates
 V:   16   9.170   1.695   0.300   0.467   0.867   0.667  N 1.283
  0.00  0.00  0.00  1.54  0.00  0.00  0.00  1.54  0.00  96.923   2.913   2.057
    13 residues pruned to eliminate duplicates
       6   1.070   0.848   0.496   0.343   0.800   0.600  O 0.559 ?
  0.00  0.00  0.00  0.00  4.00  0.00  0.00  0.00  0.00  96.000   1.121   2.009
 W:   11   6.235   1.766   0.047   0.481   0.900   0.800  CB 1.208
  0.00  0.00  0.00  0.00  0.00  0.00  0.00  0.00  0.00 100.000   2.017   2.436
    11 residues pruned to eliminate duplicates
       7   1.856   1.358   0.219   0.302   0.667   0.333  CB 0.856 ?
  0.00  0.00  0.00  0.00  0.00  0.00  0.00  0.00  0.00 100.000   1.300   2.203
 X:   10   6.253   1.987  -0.018   0.501   0.667   0.556  N 1.601
  0.00  0.00  0.00  0.00  0.00  0.00  0.00  0.00  0.00 100.000   1.838   2.163
    10 residues pruned to eliminate duplicates
       7   1.554   1.214   0.304   0.083   0.833   0.167  CB 0.824 ?
  0.00  0.00  0.00  0.00 10.34  6.90  0.00  3.45  3.45  75.862   1.300   1.663

   0 Splices to join chains,  0 cis peptide(s) found

 Global chain diagnostics:
  0.23  1.05  3.04  4.44  4.32  2.34  1.99  1.29  0.93  80.374  38.368   1.885
   8.3% of CA within 1.0A,   4.6% within 0.5A and  24.5% incorrect CA

   211 residues left after pruning, divided into chains as follows:
 A:  10   B:  18   C:  14   D:  22   E:   9   F:   7   G:  20   H:  24   I:   9
 J:  10   K:  58   L:  10

  89.7% starting CA preserved within 1.0A,  86.5% / 0.7A and  82.1% / 0.5A

 CC for partial structure against native data =  10.31 %
 <cos> 0.087 / 0.105  <fom> 0.407 / 0.715  MPE  83.6 / 80.6  wMPE 80.9 / 78.4
 <cos> 0.097 / 0.105  <fom> 0.586 / 0.764  MPE  82.8 / 80.6  wMPE 80.4 / 78.2

 ------------------------------------------------------------------------------

 Global autotracing cycle   2

 <cos> 0.097 / 0.105  <fom> 0.586 / 0.764  MPE  82.8 / 80.6  wMPE 80.4 / 78.2
 <wt> = 0.535 for fragment phases
 <cos> 0.098 / 0.105  <fom> 0.300 / 0.377  MPE  82.8 / 80.6  wMPE 80.5 / 78.0
 <wt> = 0.274, Contrast = 0.468, Connect. = 0.618 for dens.mod. cycle 1
 <cos> 0.098 / 0.111  <fom> 0.300 / 0.402  MPE  82.8 / 80.0  wMPE 80.2 / 76.9
 <wt> = 0.274, Contrast = 0.479, Connect. = 0.611 for dens.mod. cycle 2
 <cos> 0.099 / 0.115  <fom> 0.300 / 0.430  MPE  82.7 / 79.7  wMPE 80.0 / 76.1
 <wt> = 0.274, Contrast = 0.514, Connect. = 0.634 for dens.mod. cycle 3
 <cos> 0.100 / 0.117  <fom> 0.300 / 0.455  MPE  82.7 / 79.5  wMPE 79.8 / 75.6
 <wt> = 0.274, Contrast = 0.534, Connect. = 0.650 for dens.mod. cycle 4
 <cos> 0.101 / 0.113  <fom> 0.300 / 0.476  MPE  82.6 / 79.8  wMPE 79.6 / 75.4
 <wt> = 0.274, Contrast = 0.547, Connect. = 0.662 for dens.mod. cycle 5
 <cos> 0.102 / 0.114  <fom> 0.300 / 0.492  MPE  82.5 / 79.8  wMPE 79.5 / 75.3
 <wt> = 0.274, Contrast = 0.557, Connect. = 0.672 for dens.mod. cycle 6
 <cos> 0.103 / 0.112  <fom> 0.300 / 0.502  MPE  82.5 / 79.9  wMPE 79.3 / 75.3
 <wt> = 0.274, Contrast = 0.564, Connect. = 0.680 for dens.mod. cycle 7
 <cos> 0.103 / 0.108  <fom> 0.300 / 0.508  MPE  82.5 / 80.3  wMPE 79.2 / 75.3
 <wt> = 0.274, Contrast = 0.569, Connect. = 0.688 for dens.mod. cycle 8
 <cos> 0.104 / 0.107  <fom> 0.300 / 0.512  MPE  82.4 / 80.4  wMPE 79.1 / 75.4
 <wt> = 0.274, Contrast = 0.572, Connect. = 0.694 for dens.mod. cycle 9
 <cos> 0.105 / 0.107  <fom> 0.300 / 0.514  MPE  82.3 / 80.4  wMPE 79.0 / 75.6
 <wt> = 0.274, Contrast = 0.575, Connect. = 0.699 for dens.mod. cycle 10

 Shift from model in .ent:  dx= 0.000  dy= 0.000  dz= 0.038

 Estimated mean FOM and mapCC as a function of resolution
 d    inf - 4.58 - 3.62 - 3.15 - 2.87 - 2.66 - 2.50 - 2.37 - 2.27 - 2.18 - 2.10
 <FOM>   0.423  0.408  0.371  0.375  0.331  0.308  0.287  0.253  0.219  0.201
 <mapCC> 0.618  0.615  0.534  0.544  0.507  0.467  0.440  0.405  0.387  0.349
 N        5117   5157   5230   4956   5189   5180   5332   4969   5268   4739

 Estimated mean FOM = 0.318   Pseudo-free CC = 36.73 %

 Best trace (cycle   1 with CC 10.31%) was saved as 2.pdb

 ==============================================================================

       CPU times required in seconds
       -----------------------------
         4.3 - Setup, data input and phasing
         7.4 - FFTs and peak-searches
        11.1 - Sphere of influence
         0.4 - Rest of density modification
      1045.4 - Alpha-helix search
       600.4 - Tripeptide search
        87.5 - Chain tracing
         0.0 - NCS analysis
        15.9 - B-value refinement for trace
         0.2 - Rest of tracing
         7.1 - Comparison with known structure


 ++++++++++++++++++++++++++++++++++++++++++++++++++++++++++++++++++++
 +  SHELXE finished at 18:56:38      Total time:      1779.89 secs  +
 ++++++++++++++++++++++++++++++++++++++++++++++++++++++++++++++++++++
