
 ++++++++++++++++++++++++++++++++++++++++++++++++++++++++++++++++++++
 +  SHELXE  -  PHASING AND DENSITY MODIFICATION  -  Version 2016/1  +
 +  Copyright (c)  George M. Sheldrick 2001-16                      +
 +  Started at 17:59:55 on 21 Apr 2016                              +
 ++++++++++++++++++++++++++++++++++++++++++++++++++++++++++++++++++++

 Please cite: G.M. Sheldrick (2010), "Experimental phasing with
 SHELXC/D/E: combining chain tracing with density modification",
 Acta Cryst. D66, 479-485 (Open Access) if SHELXE proves useful.

 Command line parameters:
  11.pda -m10 -a1 -s0.6 -v0 -u2999 -t10 -q -y2.10 -x

 Cell and symmetry from: 11.pda
 Phases calculated using atoms from: 11.pda
 Native data from: 11.hkl
 Listing output to 11.lst
 Phases output to 11.phs
 Poly-Ala trace output to 11.pdb

 Summary of parameters to be employed:

 -a     1  iterations autotracing
 -b   5.0  extra B for revised heavy atom sites
 -c 0.400  fraction of pixels in crossover region
 -d 0.000  high resolution limit to be applied to input data
 -e unset  fill in missing data up to maximum resolution + 0.2 Ang.
 -f unset  read intensity not F from native .hkl file
 -F 0.800  fractional weight for phases from previous global cycle
 -g 1.100  solvent gamma flipping factor
 -i unset  no structure inversion
 -k   4.5  minimum height/sigma for revised heavy atom sites
 -l     2  space for  2000000 reflections
 -L     6  minimum number of residues per chain (if more than 3 chains)
 -m    10  cycles of density modification
 -G 0.700  FOM threshold for initial tripeptides and chain extension
 -n unset  do not apply NCS in autotracing
 -o unset  do not optimize input fragment by omitting residues
 -q unset  no alpha-helix search
 -r  3.00  map resolution (multiplies maximum indices)
 -s 0.600  solvent fraction
 -t 10.00  time factor for peptide searches (increase if difficult)
 -u  2999  MB allocatable memory for fragment optimization
 -U  0.00  abort if less than this % of fragment CA retained within 0.7A
 -v 0.000  density sharpening factor
 -w 0.200  weight for experimental phases after cycle 1
 -x     2  read name.ent, generate phase and trace diagnostics
 -y  2.10  highest resolution in Ang. for starting phases from model
 -z unset  do not optimize heavy atoms

 Space group: P 63   Allowed origin shift code:  8

    51150 Reflections read from file 11.hkl

    51137 Unique data, highest resolution =  2.100 Angstroms

 Anisotropic scaling: intensities multiplied by
 -0.000092h^2 -0.000092k^2 +0.001691l^2 +0.000000kl +0.000000hl -0.000092hk

     6 Reflections with d > 2.300 and      0 in range  2.300 > d > 2.300 added

  2780 Atoms read from PDB format file 11.ent

 Fourier grid =   256 x  256 x   40     0.000 <= z <= 0.500

    92 Point spherical net set up with radius 2.42A
    24 Extra Fourier layers will be generated

 <|E^2-1|> = 0.763

  1385 Atoms read from PDB format file 11.pda

     0 NCS groups defined in .pda input file

 Overall CC between native Eobs and Ecalc (from fragment) = 12.19%

 Statistics for fragment phases:
 <cos> 0.242 / 0.230  <fom> 0.354 / 0.669  MPE  72.1 / 69.3  wMPE 64.5 / 61.8
 Starting from fragment phases truncated to  2.100A

 <cos> 0.252 / 0.230  <fom> 0.388 / 0.669  MPE  71.3 / 69.3  wMPE 64.5 / 61.8
 <wt> = 0.354 for fragment phases
 <cos> 0.255 / 0.230  <fom> 0.300 / 0.488  MPE  71.1 / 69.3  wMPE 64.3 / 61.3
 <wt> = 0.274, Contrast = 0.371, Connect. = 0.608 for dens.mod. cycle 1
 <cos> 0.259 / 0.229  <fom> 0.300 / 0.493  MPE  70.8 / 69.4  wMPE 63.7 / 58.9
 <wt> = 0.274, Contrast = 0.390, Connect. = 0.594 for dens.mod. cycle 2
 <cos> 0.263 / 0.234  <fom> 0.300 / 0.500  MPE  70.5 / 69.0  wMPE 63.1 / 57.2
 <wt> = 0.274, Contrast = 0.426, Connect. = 0.612 for dens.mod. cycle 3
 <cos> 0.266 / 0.236  <fom> 0.300 / 0.508  MPE  70.3 / 68.8  wMPE 62.6 / 56.2
 <wt> = 0.274, Contrast = 0.453, Connect. = 0.627 for dens.mod. cycle 4
 <cos> 0.269 / 0.229  <fom> 0.300 / 0.514  MPE  70.0 / 69.4  wMPE 62.0 / 55.5
 <wt> = 0.274, Contrast = 0.476, Connect. = 0.641 for dens.mod. cycle 5
 <cos> 0.274 / 0.238  <fom> 0.300 / 0.517  MPE  69.7 / 68.6  wMPE 61.6 / 55.0
 <wt> = 0.274, Contrast = 0.496, Connect. = 0.653 for dens.mod. cycle 6
 <cos> 0.278 / 0.246  <fom> 0.300 / 0.519  MPE  69.4 / 67.8  wMPE 61.1 / 54.6
 <wt> = 0.274, Contrast = 0.514, Connect. = 0.664 for dens.mod. cycle 7
 <cos> 0.282 / 0.250  <fom> 0.300 / 0.520  MPE  69.1 / 67.5  wMPE 60.7 / 54.4
 <wt> = 0.274, Contrast = 0.530, Connect. = 0.673 for dens.mod. cycle 8
 <cos> 0.286 / 0.256  <fom> 0.300 / 0.520  MPE  68.8 / 67.0  wMPE 60.3 / 54.4
 <wt> = 0.274, Contrast = 0.546, Connect. = 0.682 for dens.mod. cycle 9
 <cos> 0.290 / 0.257  <fom> 0.300 / 0.517  MPE  68.5 / 66.8  wMPE 59.9 / 54.4
 <wt> = 0.274, Contrast = 0.561, Connect. = 0.690 for dens.mod. cycle 10

 Shift from model in .ent:  dx= 0.000  dy= 0.000  dz=-0.050

 NOGO map generated for regions about rotation axes (if any)

  4911 peaks > 0.5 sigma used to seed fragment search

   608 potential (overlapping) alpha-helix fragments found

   #(CA)   CFOM   DenFit  NH...O  SecStr  Rama98  Rama80  DenMin (?=rej.)
 A:   60  73.517   2.667   0.838   0.583   0.864   0.542  CB 2.086
  2.90  9.54 10.37 10.37  7.47 14.94  8.71  4.56  2.07  29.046  10.802   0.843
 B:   24  26.379   2.501   0.407   0.541   0.739   0.565  CB 2.033
  0.00  2.06  8.25 11.34 11.34  9.28  8.25  5.15  2.06  42.268   4.348   1.040
 C:   45  27.099   2.291   0.224   0.419   0.909   0.568  CB 1.743
  1.66  1.10  7.18  4.97  2.76  3.87  2.76  1.66  1.10  72.928   8.113   1.610
 D:   18  18.783   2.214   0.611   0.450   0.824   0.529  CB 1.632
  0.00  0.00  2.74  6.85  9.59 21.92  2.74  4.11  1.37  50.685   3.272   1.256
 E:   15  15.524   2.373   0.246   0.572   0.786   0.643  CB 1.667
  0.00  0.00  6.56  8.20  9.84  8.20  6.56  1.64  0.00  59.016   2.734   1.495
 F:   16  18.052   2.315   0.506   0.435   0.867   0.533  CB 1.650
  1.54  0.00  4.62  4.62  7.69  3.08  3.08  6.15  4.62  64.615   2.913   1.414
 G:   18  19.623   2.153   0.476   0.585   0.882   0.647  CB 1.565
  0.00  8.22 19.18  9.59  9.59 13.70  2.74  4.11  4.11  28.767   3.272   0.847
 H:   14  15.413   2.014   0.428   0.530   0.846   0.769  CA 1.706
  0.00  0.00  1.75  3.51  7.02 19.30  3.51 12.28  5.26  47.368   2.555   1.325
 I:   12  16.776   2.481   0.200   0.498   0.818   0.636  CB 2.079
  0.00  0.00  0.00 22.45 12.24  6.12  4.08  2.04  4.08  48.980   2.196   1.189
 J:   10  14.505   1.987   0.529   0.686   0.889   0.889  CA 1.510
  2.44  0.00  4.88  2.44  2.44 12.20 19.51  2.44  9.76  43.902   1.838   0.983
 K:   11  18.312   2.078   0.843   0.548   0.900   0.700  CB 1.603
  0.00  4.44  4.44 11.11 17.78 20.00  8.89  0.00  0.00  33.333   2.017   0.958
 L:   11  10.289   2.013   0.224   0.566   0.800   0.700  CB 1.547
  0.00  0.00  0.00  0.00  0.00  0.00  0.00  2.22  0.00  97.778   2.017   2.201
 M:   10  19.286   2.089   0.553   0.743   0.889   0.778  CB 1.793
  0.00  0.00 29.27 39.02  9.76 14.63  0.00  0.00  0.00   7.317   1.838   0.446
 N:    9  17.805   2.245   0.753   0.770   0.750   0.750  CB 1.679
  0.00  0.00  5.41 18.92 21.62 18.92 13.51  2.70  2.70  16.216   1.658   0.709
 O:   30  20.580   2.280   0.316   0.565   0.724   0.517  CB 1.651
  0.83  9.92 10.74 13.22 11.57  9.09  3.31  3.31  4.13  33.884   5.424   0.859
    30 residues pruned to eliminate duplicates
 P:   10  15.718   2.113   0.473   0.826   0.889   0.778  CB 1.427
  0.00  0.00 12.20  9.76 19.51 17.07  7.32  4.88 12.20  17.073   1.838   0.682
 Q:   10   9.108   1.730   0.367   0.601   0.889   0.778  N 1.312
  0.00  0.00  0.00  0.00  0.00  0.00  0.00  0.00  0.00 100.000   1.838   2.500
 R:    6  10.460   2.338  -0.255   0.887   1.000   1.000  CA 1.936
  0.00  0.00  0.00  0.00  0.00  0.00  0.00  0.00  0.00 100.000   1.121   2.500
 S:   70  64.605   2.496   0.616   0.573   0.928   0.667  CB 1.939
  0.36  3.56  7.83 11.74 16.37  8.90  6.05  4.98  2.85  37.367  12.595   1.043
    74 residues pruned to eliminate duplicates
 T:   34  82.355   2.582   1.067   0.773   0.970   0.939  CB 2.175
  0.73  7.30 15.33 19.71 17.52 19.71  5.11  2.92  2.19   9.489   6.141   0.606
    34 residues pruned to eliminate duplicates
 U:   34  75.139   2.509   1.144   0.753   0.970   0.848  CB 2.001
  0.00  7.30 16.06 22.63 19.71 11.68  8.76  2.19  0.00  11.679   6.141   0.533
    34 residues pruned to eliminate duplicates
 V:   34  83.342   2.568   1.155   0.750   0.970   0.818  CA 2.163
  1.46  5.11 13.87 18.98 17.52 17.52  6.57  2.19  3.65  13.139   6.141   0.637
    34 residues pruned to eliminate duplicates
 W:   34  78.878   2.549   1.138   0.749   0.970   0.848  CB 2.081
  2.19  2.19 10.95 21.17 18.98 12.41  6.57  5.84  2.19  17.518   6.141   0.632
    34 residues pruned to eliminate duplicates
 X:   34  71.719   2.489   0.992   0.753   0.939   0.818  CB 2.139
  2.19  3.65 17.52 21.90 20.44 14.60  8.03  0.73  0.00  10.949   6.141   0.542
    34 residues pruned to eliminate duplicates
 Y:    9   6.873   1.329   0.875   0.781   0.875   0.750  CB 0.870
  0.00  0.00  8.11 21.62 16.22 13.51 21.62  5.41  5.41   8.108   1.658   0.629
 Z:   10   5.523   1.304   0.426   0.810   0.889   0.889  CB 0.850
  0.00  0.00  0.00  0.00 21.95 21.95 14.63  9.76  9.76  21.951   1.838   0.744
 Z:   11  11.668   2.018   0.122   0.744   0.900   0.800  CB 1.455
  0.00  0.00  0.00  0.00  0.00  0.00  0.00  2.22  2.22  95.556   2.017   2.076
 Z:   37  73.253   2.430   1.075   0.721   0.972   0.694  CB 2.041
  0.00  4.70  9.40 16.78 21.48 13.42 14.09  2.68  1.34  16.107   6.679   0.749
    37 residues pruned to eliminate duplicates
 Z:   36  30.700   2.143   0.622   0.609   0.800   0.571  CB 1.683
  0.69  2.07  8.97 11.72 10.34  6.21  2.76  2.76  1.38  53.103   6.499   1.259
    36 residues pruned to eliminate duplicates
 Z:    6   4.284   1.171   0.262   0.897   1.000   1.000  CB 0.928
  0.00  0.00  0.00  0.00  0.00  4.00  0.00  0.00  0.00  96.000   1.121   1.958
 Z:    9   5.536   1.316   0.627   0.702   0.875   0.500  CB 0.869
  0.00  0.00  2.70  8.11  8.11  8.11  0.00  0.00  2.70  70.270   1.658   1.487
 Z:    6   4.042   1.066   0.283   0.900   1.000   1.000  CB 0.944
  0.00  0.00  8.00  8.00 12.00 20.00  8.00 24.00  0.00  20.000   1.121   0.639

   103 potential tripeptides employed

   #(CA)   CFOM   DenFit  NH...O  SecStr  Rama98  Rama80  DenMin (?=rej.)
 Z:   33  78.797   2.620   1.175   0.717   0.938   0.750  CB 2.142
  0.00  7.52  9.77 18.05 26.32 14.29  7.52  2.26  3.01  11.278   5.961   0.633
    33 residues pruned to eliminate duplicates
 Z:   34  21.590   2.314   0.372   0.378   0.818   0.576  CB 1.648
  0.00  2.92  2.92  2.92 12.41  4.38  2.19  0.73  2.19  69.343   6.141   1.600
    34 residues pruned to eliminate duplicates
 Z:   34  71.732   2.541   1.053   0.703   0.939   0.788  CB 2.119
  1.46  5.11  8.76 21.90 25.55 17.52  2.92  0.73  1.46  14.599   6.141   0.683
    34 residues pruned to eliminate duplicates
 Z:   34  85.766   2.585   1.102   0.774   1.000   0.909  CB 2.156
  0.73  2.92 18.25 20.44 21.90 13.14 10.95  2.92  0.00   8.759   6.141   0.602
    34 residues pruned to eliminate duplicates
 Z:   33  70.638   2.657   1.035   0.699   0.938   0.750  CB 2.054
  1.50  5.26  7.52 22.56 24.81 11.28  8.27  3.01  0.75  15.038   5.961   0.676
    33 residues pruned to eliminate duplicates
 Z:   33  80.198   2.656   1.070   0.712   0.969   0.688  CB 2.196
  0.00  6.02 10.53 16.54 24.06 15.79  6.77  3.76  1.50  15.038   5.961   0.672
    33 residues pruned to eliminate duplicates
 Z:   23   8.485   1.870  -0.093   0.430   0.864   0.591  CB 1.328
  0.00  0.00  0.00  0.00  3.23  4.30  7.53  5.38  7.53  72.043   4.169   1.632
    23 residues pruned to eliminate duplicates
 Z:   10   4.621   1.742   0.291   0.230   0.778   0.444  CB 1.207
  0.00  0.00  0.00  0.00  0.00  0.00  0.00  0.00  0.00 100.000   1.838   2.204
     7 residues pruned to eliminate duplicates
 Z:   36  74.235   2.472   1.211   0.723   0.943   0.657  CB 1.991
  0.69  6.21 11.03 12.41 17.93 12.41  7.59  9.66  3.45  18.621   6.499   0.675
    36 residues pruned to eliminate duplicates
 Z:    8   3.982   1.766   0.312   0.417   0.571   0.429  CB 1.239
  0.00  0.00  3.03 21.21  3.03  0.00  6.06 21.21  0.00  45.455   1.479   1.243
     5 residues pruned to eliminate duplicates
 Z:   34  70.403   2.537   1.041   0.727   0.970   0.788  CB 1.988
  2.19  4.38  7.30 15.33 19.71 19.71  8.03  1.46  1.46  20.438   6.141   0.774
    34 residues pruned to eliminate duplicates
 Z:   13   4.745   1.760  -0.110   0.328   0.750   0.583  CB 1.408
  0.00  0.00  0.00  0.00  0.00  1.89  1.89  0.00  1.89  94.340   2.376   2.137
 Z:   53  50.747   2.252   0.851   0.485   0.962   0.615  CB 1.783
  0.00  4.69  3.76  8.92  7.98 11.27 12.21  5.63  6.10  39.437   9.547   1.105
    53 residues pruned to eliminate duplicates
 Z:    6   2.040   1.727  -0.196   0.521   0.600   0.400  CB 1.072
  0.00  0.00  0.00  4.00  0.00  0.00  4.00  4.00  0.00  88.000   1.121   1.587
 Z:    6   2.054   1.566  -0.001   0.408   0.600   0.400  N 1.078
  0.00  0.00  0.00  0.00  0.00  8.00  4.00  0.00  4.00  84.000   1.121   2.062
 Z:   39  57.608   2.500   0.909   0.607   0.895   0.684  CB 1.977
  0.64  6.37 10.19 15.92 20.38 15.29  6.37  1.91  3.18  19.745   7.037   0.682
    39 residues pruned to eliminate duplicates
 Z:   19  10.786   2.177   0.214   0.236   0.833   0.389  CB 1.568
  0.00  0.00  0.00  1.30  1.30  0.00  1.30  1.30  3.90  90.909   3.451   1.910
    19 residues pruned to eliminate duplicates
 Z:    6   2.556   1.243   0.474   0.298   0.800   0.600  CB 0.977
  0.00  0.00  0.00  0.00  0.00  4.00  0.00  0.00  0.00  96.000   1.121   2.089
 Z:   49  31.251   2.288   0.367   0.487   0.875   0.667  CB 1.669
  0.51  2.03  3.55  4.57 12.18 12.18  8.12  3.55  3.05  50.254   8.830   1.215
    56 residues pruned to eliminate duplicates
 Z:   40  30.768   2.320   0.287   0.528   0.923   0.641  CB 1.739
  0.62  3.11 11.18 12.42  4.97  5.59  3.73  4.35  3.73  50.311   7.216   1.265
    18 residues pruned to eliminate duplicates
 Z:   18  12.890   1.979   0.158   0.433   0.882   0.706  CB 1.657
  0.00  1.37  0.00  0.00  4.11  4.11  2.74 19.18  4.11  64.384   3.272   1.462
    17 residues pruned to eliminate duplicates
 Z:   18  16.228   1.949   0.852   0.506   0.882   0.294  CB 1.229
  4.11 10.96  8.22 12.33  9.59  2.74  1.37  1.37  0.00  49.315   3.272   1.226
    16 residues pruned to eliminate duplicates
 Z:   12   3.501   1.439   0.238   0.237   0.727   0.182  CB 1.106
  0.00  0.00  0.00  0.00  0.00  0.00  0.00  2.04  4.08  93.878   2.196   1.759
       6   0.863   1.350   0.826   0.180   0.200   0.200  CB 1.152 ?
  0.00  0.00  8.00  8.00  4.00  8.00  4.00  4.00 12.00  52.000   1.121   1.214

   1 Splices to join chains,  0 cis peptide(s) found

 Global chain diagnostics:
  1.19  3.41  6.90  9.65  8.76  9.87  5.35  4.38  2.82  47.661  60.377   1.215
  34.5% of CA within 1.0A,  17.2% within 0.5A and  18.5% incorrect CA

   331 residues left after pruning, divided into chains as follows:
 A:  15   B:  14   C:  11   D:  10   E:  11   F:   8   G:  10   H:   9   I:   9
 J:   9   K:   6   L:   6   M:  11   N:   6   O:   9   P:   7   Q:   8   R: 108
 S:  13   T:  26   U:   6   V:   7   W:  12

  84.7% starting CA preserved within 1.0A,  80.3% / 0.7A and  75.7% / 0.5A

 CC for partial structure against native data =  18.15 %
 <cos> 0.290 / 0.253  <fom> 0.498 / 0.779  MPE  68.5 / 67.2  wMPE 62.0 / 62.0
 <cos> 0.319 / 0.258  <fom> 0.666 / 0.796  MPE  66.3 / 66.8  wMPE 60.8 / 60.5

 ------------------------------------------------------------------------------

 Global autotracing cycle   2

 <cos> 0.319 / 0.258  <fom> 0.666 / 0.796  MPE  66.3 / 66.8  wMPE 60.8 / 60.5
 <wt> = 0.609 for fragment phases
 <cos> 0.321 / 0.261  <fom> 0.300 / 0.348  MPE  66.1 / 66.5  wMPE 60.8 / 60.1
 <wt> = 0.274, Contrast = 0.486, Connect. = 0.641 for dens.mod. cycle 1
 <cos> 0.324 / 0.271  <fom> 0.300 / 0.379  MPE  65.9 / 65.6  wMPE 59.8 / 55.7
 <wt> = 0.274, Contrast = 0.501, Connect. = 0.638 for dens.mod. cycle 2
 <cos> 0.328 / 0.281  <fom> 0.300 / 0.411  MPE  65.6 / 64.7  wMPE 58.9 / 53.3
 <wt> = 0.274, Contrast = 0.563, Connect. = 0.674 for dens.mod. cycle 3
 <cos> 0.332 / 0.285  <fom> 0.300 / 0.438  MPE  65.3 / 64.3  wMPE 58.1 / 51.8
 <wt> = 0.274, Contrast = 0.593, Connect. = 0.691 for dens.mod. cycle 4
 <cos> 0.337 / 0.292  <fom> 0.300 / 0.457  MPE  64.9 / 63.7  wMPE 57.4 / 51.3
 <wt> = 0.274, Contrast = 0.617, Connect. = 0.704 for dens.mod. cycle 5
 <cos> 0.340 / 0.290  <fom> 0.300 / 0.468  MPE  64.7 / 63.9  wMPE 56.7 / 51.0
 <wt> = 0.274, Contrast = 0.637, Connect. = 0.715 for dens.mod. cycle 6
 <cos> 0.344 / 0.286  <fom> 0.300 / 0.475  MPE  64.4 / 64.2  wMPE 56.1 / 51.0
 <wt> = 0.274, Contrast = 0.652, Connect. = 0.723 for dens.mod. cycle 7
 <cos> 0.349 / 0.297  <fom> 0.300 / 0.478  MPE  64.0 / 63.3  wMPE 55.5 / 50.9
 <wt> = 0.274, Contrast = 0.667, Connect. = 0.729 for dens.mod. cycle 8
 <cos> 0.353 / 0.289  <fom> 0.300 / 0.479  MPE  63.7 / 64.0  wMPE 55.0 / 51.2
 <wt> = 0.274, Contrast = 0.679, Connect. = 0.735 for dens.mod. cycle 9
 <cos> 0.359 / 0.309  <fom> 0.300 / 0.478  MPE  63.3 / 62.2  wMPE 54.5 / 51.3
 <wt> = 0.274, Contrast = 0.689, Connect. = 0.739 for dens.mod. cycle 10

 Shift from model in .ent:  dx= 0.000  dy= 0.000  dz=-0.051

 Estimated mean FOM and mapCC as a function of resolution
 d    inf - 4.58 - 3.62 - 3.15 - 2.87 - 2.66 - 2.50 - 2.37 - 2.27 - 2.18 - 2.10
 <FOM>   0.516  0.587  0.518  0.470  0.427  0.377  0.341  0.313  0.276  0.271
 <mapCC> 0.714  0.812  0.739  0.694  0.648  0.580  0.537  0.512  0.494  0.476
 N        5117   5157   5230   4956   5189   5180   5332   4969   5268   4739

 Estimated mean FOM = 0.410   Pseudo-free CC = 46.96 %

 Best trace (cycle   1 with CC 18.15%) was saved as 11.pdb

 ==============================================================================

       CPU times required in seconds
       -----------------------------
         5.3 - Setup, data input and phasing
         6.3 - FFTs and peak-searches
         8.7 - Sphere of influence
         0.3 - Rest of density modification
       871.9 - Alpha-helix search
       447.8 - Tripeptide search
       170.5 - Chain tracing
         0.0 - NCS analysis
        15.8 - B-value refinement for trace
         0.2 - Rest of tracing
         7.3 - Comparison with known structure


 ++++++++++++++++++++++++++++++++++++++++++++++++++++++++++++++++++++
 +  SHELXE finished at 18:26:14      Total time:      1534.25 secs  +
 ++++++++++++++++++++++++++++++++++++++++++++++++++++++++++++++++++++
